#t ball_ke ball_ie coating_ke coating_ie plate_ke plate_ie
0.0000E+00 2.0139E-02 0.0000E+00 0.0000E+00 0.0000E+00 0.0000E+00 0.0000E+00
7.5251E-08 2.0139E-02 4.1411E-15 0.0000E+00 0.0000E+00 0.0000E+00 0.0000E+00
1.5050E-07 2.0139E-02 1.4687E-14 0.0000E+00 0.0000E+00 0.0000E+00 0.0000E+00
2.2575E-07 2.0139E-02 3.1508E-14 0.0000E+00 0.0000E+00 0.0000E+00 0.0000E+00
3.0003E-07 2.0139E-02 5.4280E-14 1.3931E-13 1.4038E-13 2.2901E-14 9.2000E-15
3.7528E-07 2.0139E-02 8.3289E-14 1.8553E-13 1.0113E-13 2.1540E-14 2.2009E-14
4.5053E-07 2.0139E-02 1.1817E-13 1.1511E-13 1.1410E-13 1.5137E-14 1.5594E-14
5.2578E-07 2.0139E-02 1.5966E-13 1.3964E-13 6.8678E-14 1.2249E-14 1.2739E-14
6.0005E-07 2.0139E-02 2.0605E-13 1.2589E-13 5.9702E-14 9.8578E-15 1.2067E-14
6.7531E-07 2.0139E-02 2.5941E-13 1.0579E-13 6.9423E-14 1.0153E-14 9.9763E-15
7.5056E-07 2.0139E-02 3.1897E-13 1.4116E-13 2.4724E-14 9.5064E-15 9.4015E-15
8.2581E-07 2.0139E-02 3.8441E-13 1.2030E-13 3.5510E-14 1.2825E-14 5.0255E-15
9.0009E-07 2.0139E-02 4.5452E-13 9.0827E-14 6.0351E-14 8.1750E-15 9.0735E-15
9.7534E-07 2.0139E-02 5.3219E-13 9.8147E-14 4.5861E-14 7.9056E-15 8.7944E-15
1.0506E-06 2.0139E-02 6.1575E-13 9.1857E-14 4.5182E-14 7.6968E-15 8.5172E-15
1.1258E-06 2.0139E-02 7.0547E-13 9.2327E-14 4.0837E-14 6.2967E-15 9.4324E-15
1.2001E-06 2.0139E-02 7.9888E-13 1.0617E-13 2.2965E-14 7.6902E-15 7.8040E-15
1.2754E-06 2.0139E-02 8.9977E-13 9.6780E-14 2.8732E-14 7.9903E-15 7.2620E-15
1.3506E-06 2.0139E-02 1.0066E-12 8.4704E-14 3.9364E-14 9.5625E-15 5.4350E-15
1.4259E-06 2.0139E-02 1.1196E-12 8.2691E-14 3.9838E-14 6.9156E-15 7.8940E-15
1.5001E-06 2.0138E-02 6.5871E-08 3.9906E-07 7.2769E-07 1.4886E-09 1.7916E-09
1.5754E-06 2.0132E-02 3.4683E-07 1.2093E-06 4.1934E-06 5.1172E-08 1.6341E-07
1.6506E-06 2.0120E-02 1.0935E-06 1.7244E-06 1.2297E-05 1.5182E-07 8.1324E-07
1.7259E-06 2.0097E-02 2.8566E-06 2.7616E-06 2.6555E-05 3.1837E-07 2.2453E-06
1.8001E-06 2.0064E-02 5.6769E-06 3.4674E-06 4.8158E-05 5.9351E-07 4.9609E-06
1.8754E-06 2.0013E-02 1.0278E-05 4.9045E-06 7.8815E-05 9.4186E-07 9.1400E-06
1.9506E-06 1.9947E-02 1.6648E-05 6.5212E-06 1.2105E-04 1.2989E-06 1.5212E-05
2.0259E-06 1.9861E-02 2.4550E-05 8.5052E-06 1.7536E-04 1.6017E-06 2.3161E-05
2.1002E-06 1.9758E-02 3.4400E-05 1.0696E-05 2.4241E-04 1.7926E-06 3.3038E-05
2.1754E-06 1.9632E-02 4.6100E-05 1.4120E-05 3.2563E-04 1.7633E-06 4.4426E-05
2.2507E-06 1.9486E-02 5.9275E-05 1.7811E-05 4.2494E-04 1.6685E-06 5.7585E-05
2.3259E-06 1.9318E-02 7.3871E-05 2.1908E-05 5.4094E-04 1.4580E-06 7.1977E-05
2.4002E-06 1.9130E-02 8.9585E-05 2.7058E-05 6.7169E-04 1.2463E-06 8.7325E-05
2.4754E-06 1.8918E-02 1.0714E-04 3.2599E-05 8.2197E-04 1.0877E-06 1.0391E-04
2.5507E-06 1.8683E-02 1.2583E-04 3.8093E-05 9.8969E-04 1.0214E-06 1.2165E-04
2.6260E-06 1.8425E-02 1.4548E-04 4.4887E-05 1.1734E-03 1.0657E-06 1.4107E-04
2.7002E-06 1.8148E-02 1.6614E-04 5.1943E-05 1.3725E-03 1.1910E-06 1.6150E-04
2.7755E-06 1.7846E-02 1.8774E-04 5.8642E-05 1.5917E-03 1.3195E-06 1.8350E-04
2.8508E-06 1.7520E-02 2.1003E-04 6.4197E-05 1.8279E-03 1.4911E-06 2.0738E-04
2.9251E-06 1.7174E-02 2.3604E-04 7.1651E-05 2.0735E-03 1.8682E-06 2.3462E-04
3.0003E-06 1.6799E-02 2.6486E-04 7.8918E-05 2.3386E-03 2.3411E-06 2.6825E-04
3.0756E-06 1.6402E-02 2.9566E-04 8.7111E-05 2.6228E-03 2.6041E-06 3.0155E-04
3.1509E-06 1.5983E-02 3.2576E-04 9.7410E-05 2.9263E-03 2.6731E-06 3.3629E-04
3.2251E-06 1.5551E-02 3.5405E-04 1.0837E-04 3.2460E-03 2.5274E-06 3.6971E-04
3.3004E-06 1.5096E-02 3.8197E-04 1.1955E-04 3.5854E-03 2.2541E-06 4.0427E-04
3.3751E-06 1.4629E-02 4.0918E-04 1.3126E-04 3.9415E-03 1.7218E-06 4.3559E-04
3.4504E-06 1.4148E-02 4.3458E-04 1.4217E-04 4.3166E-03 1.1195E-06 4.6301E-04
3.5258E-06 1.3655E-02 4.5955E-04 1.5128E-04 4.7039E-03 7.4076E-07 4.8749E-04
3.6008E-06 1.3151E-02 4.8840E-04 1.5592E-04 5.0972E-03 5.7940E-07 5.1048E-04
3.6753E-06 1.2636E-02 5.2180E-04 1.6107E-04 5.4865E-03 7.8108E-07 5.4095E-04
3.7507E-06 1.2104E-02 5.6007E-04 1.6524E-04 5.8788E-03 1.0898E-06 5.7889E-04
3.8253E-06 1.1565E-02 6.0205E-04 1.7310E-04 6.2714E-03 1.4887E-06 6.1951E-04
3.9004E-06 1.1018E-02 6.4023E-04 1.8320E-04 6.6852E-03 1.7987E-06 6.5788E-04
3.9754E-06 1.0471E-02 6.6910E-04 1.9569E-04 7.1225E-03 1.7904E-06 6.8598E-04
4.0502E-06 9.9287E-03 6.8445E-04 2.0731E-04 7.5779E-03 1.5796E-06 7.0808E-04
4.1256E-06 9.3876E-03 6.8797E-04 2.1397E-04 8.0484E-03 1.2364E-06 7.2465E-04
4.2005E-06 8.8554E-03 6.8543E-04 2.1213E-04 8.5083E-03 1.0448E-06 7.4312E-04
4.2755E-06 8.3235E-03 6.9003E-04 2.0780E-04 8.9499E-03 9.2368E-07 7.6515E-04
4.3506E-06 7.7920E-03 7.0524E-04 2.0603E-04 9.3750E-03 8.4997E-07 7.9332E-04
4.4255E-06 7.2658E-03 7.2929E-04 2.0866E-04 9.7899E-03 1.0381E-06 8.2529E-04
4.5002E-06 6.7510E-03 7.5626E-04 2.1494E-04 1.0209E-02 1.2496E-06 8.5098E-04
4.5751E-06 6.2480E-03 7.7891E-04 2.1854E-04 1.0634E-02 1.2510E-06 8.6931E-04
4.6501E-06 5.7593E-03 7.9610E-04 2.2200E-04 1.1052E-02 9.8279E-07 8.8108E-04
4.7251E-06 5.2883E-03 8.0737E-04 2.2880E-04 1.1466E-02 7.2277E-07 8.8804E-04
4.8002E-06 4.8352E-03 8.0774E-04 2.3678E-04 1.1883E-02 7.2564E-07 8.8519E-04
4.8754E-06 4.4006E-03 8.0303E-04 2.3371E-04 1.2298E-02 9.4597E-07 8.7248E-04
4.9501E-06 3.9828E-03 7.9869E-04 2.3419E-04 1.2659E-02 1.0042E-06 8.6881E-04
5.0252E-06 3.5758E-03 8.0113E-04 2.3999E-04 1.2994E-02 1.0307E-06 8.7965E-04
5.1003E-06 3.1875E-03 8.1055E-04 2.4796E-04 1.3313E-02 1.1918E-06 8.9658E-04
5.1752E-06 2.8208E-03 8.1986E-04 2.5853E-04 1.3623E-02 1.3305E-06 9.0901E-04
5.2503E-06 2.4738E-03 8.2550E-04 2.7550E-04 1.3922E-02 1.5572E-06 9.1856E-04
5.3251E-06 2.1510E-03 8.2197E-04 2.9691E-04 1.4224E-02 1.4448E-06 9.1779E-04
5.4001E-06 1.8543E-03 8.0394E-04 3.1544E-04 1.4523E-02 1.1937E-06 9.0883E-04
5.4750E-06 1.5822E-03 7.7529E-04 3.3445E-04 1.4800E-02 1.5214E-06 8.9364E-04
5.5503E-06 1.3293E-03 7.4747E-04 3.5773E-04 1.5050E-02 1.7049E-06 8.7932E-04
5.6250E-06 1.0989E-03 7.2568E-04 3.8252E-04 1.5282E-02 1.8346E-06 8.6044E-04
5.7000E-06 8.9187E-04 7.0849E-04 4.0551E-04 1.5492E-02 1.4917E-06 8.3915E-04
5.7752E-06 7.0775E-04 6.9760E-04 4.2757E-04 1.5667E-02 1.6563E-06 8.2005E-04
5.8502E-06 5.4394E-04 6.9719E-04 4.4940E-04 1.5807E-02 2.0810E-06 8.0566E-04
5.9252E-06 4.0036E-04 7.0333E-04 4.7141E-04 1.5915E-02 1.9775E-06 8.0068E-04
6.0002E-06 2.7908E-04 7.1043E-04 4.9655E-04 1.6007E-02 1.1261E-06 7.9872E-04
6.0751E-06 1.8148E-04 7.1022E-04 5.2314E-04 1.6083E-02 8.6816E-07 7.9553E-04
6.1503E-06 1.0603E-04 7.0102E-04 5.4656E-04 1.6148E-02 1.5978E-06 7.8867E-04
6.2251E-06 5.0426E-05 6.8941E-04 5.6917E-04 1.6195E-02 2.0340E-06 7.9216E-04
6.3000E-06 1.4853E-05 6.8019E-04 5.9393E-04 1.6225E-02 1.7155E-06 7.9595E-04
6.3752E-06 1.4207E-06 6.7392E-04 6.2002E-04 1.6240E-02 1.1694E-06 7.9136E-04
6.4501E-06 9.3201E-06 6.7022E-04 6.4521E-04 1.6237E-02 1.2263E-06 7.7569E-04
6.5251E-06 3.6945E-05 6.6611E-04 6.6677E-04 1.6223E-02 1.7870E-06 7.5942E-04
6.6000E-06 8.2988E-05 6.6048E-04 6.8684E-04 1.6201E-02 2.2008E-06 7.4603E-04
6.6751E-06 1.4752E-04 6.4824E-04 7.0802E-04 1.6170E-02 2.2209E-06 7.3166E-04
6.7501E-06 2.3134E-04 6.2491E-04 7.2781E-04 1.6133E-02 2.1649E-06 7.1298E-04
6.8252E-06 3.3262E-04 5.9137E-04 7.4532E-04 1.6093E-02 2.0235E-06 6.9043E-04
6.9000E-06 4.4877E-04 5.5597E-04 7.6121E-04 1.6045E-02 2.3415E-06 6.6501E-04
6.9751E-06 5.8016E-04 5.2606E-04 7.7695E-04 1.5986E-02 2.4640E-06 6.3637E-04
7.0501E-06 7.2684E-04 5.0995E-04 7.9366E-04 1.5910E-02 1.8587E-06 6.0997E-04
7.1253E-06 8.8722E-04 5.0305E-04 8.1068E-04 1.5816E-02 1.0325E-06 5.9021E-04
7.2002E-06 1.0573E-03 5.0199E-04 8.2636E-04 1.5711E-02 7.8270E-07 5.7491E-04
7.2752E-06 1.2363E-03 4.9697E-04 8.4176E-04 1.5601E-02 1.3991E-06 5.5863E-04
7.3500E-06 1.4249E-03 4.7607E-04 8.5699E-04 1.5493E-02 2.1106E-06 5.3392E-04
7.4251E-06 1.6233E-03 4.3785E-04 8.7306E-04 1.5393E-02 2.7768E-06 5.0551E-04
7.5001E-06 1.8260E-03 3.9495E-04 8.9005E-04 1.5298E-02 3.6030E-06 4.7177E-04
7.5750E-06 2.0304E-03 3.5593E-04 9.0780E-04 1.5206E-02 4.1308E-06 4.3255E-04
7.6501E-06 2.2377E-03 3.2543E-04 9.2421E-04 1.5107E-02 4.0591E-06 3.9296E-04
7.7251E-06 2.4487E-03 3.0480E-04 9.4129E-04 1.4996E-02 3.3531E-06 3.5426E-04
7.8001E-06 2.6601E-03 2.9052E-04 9.5946E-04 1.4872E-02 2.4424E-06 3.2092E-04
7.8750E-06 2.8694E-03 2.7864E-04 9.7604E-04 1.4740E-02 1.8826E-06 2.9783E-04
7.9502E-06 3.0766E-03 2.6436E-04 9.8929E-04 1.4606E-02 1.9431E-06 2.8828E-04
8.0251E-06 3.2798E-03 2.4239E-04 1.0010E-03 1.4489E-02 1.8831E-06 2.7592E-04
8.1001E-06 3.4790E-03 2.1189E-04 1.0120E-03 1.4393E-02 2.6348E-06 2.4769E-04
8.1750E-06 3.6684E-03 1.7598E-04 1.0253E-03 1.4308E-02 4.3014E-06 2.1051E-04
8.2502E-06 3.8470E-03 1.4251E-04 1.0393E-03 1.4227E-02 5.5989E-06 1.7499E-04
8.3251E-06 4.0168E-03 1.1756E-04 1.0525E-03 1.4138E-02 5.2372E-06 1.4600E-04
8.4002E-06 4.1793E-03 9.9938E-05 1.0654E-03 1.4040E-02 3.5930E-06 1.2504E-04
8.4751E-06 4.3325E-03 8.7727E-05 1.0758E-03 1.3945E-02 2.4718E-06 1.0896E-04
8.5503E-06 4.4746E-03 7.8988E-05 1.0839E-03 1.3860E-02 2.3931E-06 9.4259E-05
8.6253E-06 4.6029E-03 6.9555E-05 1.0916E-03 1.3789E-02 3.3009E-06 7.7579E-05
8.7002E-06 4.7167E-03 5.6448E-05 1.1017E-03 1.3726E-02 3.7705E-06 6.1988E-05
8.7750E-06 4.8181E-03 4.2173E-05 1.1130E-03 1.3666E-02 3.6002E-06 4.8529E-05
8.8502E-06 4.9056E-03 3.1361E-05 1.1231E-03 1.3615E-02 3.2905E-06 3.6004E-05
8.9252E-06 4.9800E-03 2.4756E-05 1.1309E-03 1.3570E-02 4.2084E-06 2.3950E-05
9.0003E-06 5.0398E-03 1.9178E-05 1.1412E-03 1.3530E-02 5.1758E-06 1.4351E-05
9.0754E-06 5.0895E-03 1.2114E-05 1.1525E-03 1.3493E-02 4.4681E-06 8.7395E-06
9.1501E-06 5.1278E-03 7.2746E-06 1.1629E-03 1.3460E-02 3.1992E-06 5.7593E-06
9.2251E-06 5.1529E-03 6.5947E-06 1.1729E-03 1.3433E-02 2.2152E-06 4.5052E-06
9.3001E-06 5.1692E-03 8.2149E-06 1.1801E-03 1.3411E-02 2.0014E-06 3.4596E-06
9.3750E-06 5.1844E-03 8.5537E-06 1.1862E-03 1.3389E-02 1.7884E-06 3.4781E-06
9.4504E-06 5.1995E-03 6.7191E-06 1.1949E-03 1.3368E-02 1.6336E-06 3.7426E-06
9.5253E-06 5.2122E-03 6.2524E-06 1.2039E-03 1.3346E-02 2.3299E-06 3.7271E-06
9.6001E-06 5.2209E-03 7.7299E-06 1.2126E-03 1.3326E-02 3.3711E-06 3.5065E-06
9.6754E-06 5.2290E-03 8.2276E-06 1.2194E-03 1.3311E-02 2.6546E-06 4.4175E-06
9.7502E-06 5.2371E-03 7.3028E-06 1.2242E-03 1.3299E-02 1.2369E-06 5.8724E-06
9.8251E-06 5.2454E-03 6.4653E-06 1.2290E-03 1.3287E-02 1.1426E-06 5.7162E-06
9.9002E-06 5.2530E-03 7.2034E-06 1.2317E-03 1.3276E-02 2.6515E-06 4.0464E-06
9.9752E-06 5.2615E-03 8.0421E-06 1.2327E-03 1.3265E-02 3.1896E-06 3.3547E-06
1.0050E-05 5.2722E-03 8.0150E-06 1.2303E-03 1.3257E-02 2.2319E-06 4.2212E-06
1.0125E-05 5.2825E-03 7.6268E-06 1.2296E-03 1.3248E-02 1.6191E-06 4.6475E-06
1.0200E-05 5.2905E-03 8.3798E-06 1.2312E-03 1.3238E-02 1.8712E-06 4.1110E-06
1.0275E-05 5.2967E-03 9.2521E-06 1.2356E-03 1.3227E-02 2.3147E-06 3.2614E-06
1.0350E-05 5.3030E-03 8.2121E-06 1.2404E-03 1.3217E-02 2.8961E-06 2.7407E-06
1.0425E-05 5.3101E-03 5.9701E-06 1.2455E-03 1.3206E-02 2.6259E-06 3.5214E-06
1.0500E-05 5.3147E-03 5.2986E-06 1.2523E-03 1.3195E-02 1.5659E-06 4.8139E-06
1.0575E-05 5.3171E-03 6.9806E-06 1.2598E-03 1.3184E-02 1.5369E-06 4.7311E-06
1.0650E-05 5.3198E-03 8.5474E-06 1.2681E-03 1.3171E-02 2.1587E-06 4.1922E-06
1.0725E-05 5.3246E-03 8.1130E-06 1.2773E-03 1.3158E-02 2.7087E-06 3.7384E-06
1.0800E-05 5.3311E-03 6.6666E-06 1.2858E-03 1.3144E-02 2.8311E-06 3.7391E-06
1.0875E-05 5.3371E-03 6.6236E-06 1.2946E-03 1.3129E-02 2.1650E-06 4.4584E-06
1.0950E-05 5.3424E-03 8.0369E-06 1.3017E-03 1.3115E-02 1.8555E-06 4.6737E-06
1.1025E-05 5.3497E-03 8.0659E-06 1.3075E-03 1.3103E-02 1.8744E-06 4.1463E-06
1.1100E-05 5.3577E-03 6.4251E-06 1.3146E-03 1.3090E-02 1.7646E-06 3.7655E-06
1.1175E-05 5.3644E-03 5.4895E-06 1.3221E-03 1.3077E-02 2.2851E-06 3.0868E-06
1.1250E-05 5.3681E-03 6.9944E-06 1.3288E-03 1.3065E-02 3.0969E-06 2.4900E-06
1.1325E-05 5.3719E-03 8.5119E-06 1.3330E-03 1.3055E-02 3.2361E-06 2.9021E-06
1.1400E-05 5.3777E-03 8.4736E-06 1.3355E-03 1.3046E-02 1.7384E-06 4.7511E-06
1.1475E-05 5.3846E-03 8.3419E-06 1.3370E-03 1.3038E-02 7.0278E-07 5.7965E-06
1.1550E-05 5.3912E-03 8.8868E-06 1.3389E-03 1.3029E-02 1.7309E-06 4.5871E-06
1.1625E-05 5.3976E-03 8.6010E-06 1.3412E-03 1.3021E-02 3.3057E-06 2.5678E-06
1.1700E-05 5.4041E-03 6.7954E-06 1.3432E-03 1.3015E-02 2.8776E-06 2.5286E-06
1.1775E-05 5.4099E-03 5.2210E-06 1.3446E-03 1.3010E-02 1.9779E-06 3.1906E-06
1.1850E-05 5.4140E-03 5.8365E-06 1.3447E-03 1.3005E-02 1.7571E-06 3.5258E-06
1.1925E-05 5.4173E-03 7.8791E-06 1.3460E-03 1.2998E-02 1.9206E-06 3.5191E-06
1.2000E-05 5.4217E-03 8.8343E-06 1.3477E-03 1.2991E-02 2.1452E-06 3.6023E-06
1.2075E-05 5.4270E-03 7.5971E-06 1.3490E-03 1.2985E-02 2.5040E-06 3.6063E-06
1.2150E-05 5.4331E-03 6.4245E-06 1.3507E-03 1.2978E-02 2.2136E-06 3.9614E-06
1.2225E-05 5.4385E-03 7.0566E-06 1.3529E-03 1.2970E-02 1.9071E-06 4.0733E-06
1.2300E-05 5.4427E-03 8.0751E-06 1.3563E-03 1.2961E-02 1.8922E-06 4.2732E-06
1.2375E-05 5.4472E-03 7.4602E-06 1.3610E-03 1.2953E-02 2.3041E-06 3.8149E-06
1.2450E-05 5.4525E-03 5.8010E-06 1.3647E-03 1.2946E-02 3.0169E-06 2.8360E-06
1.2525E-05 5.4579E-03 5.7958E-06 1.3654E-03 1.2940E-02 2.4513E-06 3.1946E-06
1.2600E-05 5.4611E-03 7.9375E-06 1.3664E-03 1.2934E-02 1.6753E-06 3.7945E-06
1.2675E-05 5.4643E-03 9.4632E-06 1.3670E-03 1.2928E-02 1.7003E-06 3.5961E-06
1.2750E-05 5.4700E-03 8.6621E-06 1.3677E-03 1.2923E-02 2.1266E-06 3.2092E-06
1.2825E-05 5.4764E-03 7.2083E-06 1.3687E-03 1.2916E-02 2.6995E-06 2.9556E-06
1.2900E-05 5.4819E-03 7.2773E-06 1.3675E-03 1.2910E-02 3.5899E-06 3.3497E-06
1.2975E-05 5.4876E-03 7.4568E-06 1.3654E-03 1.2906E-02 3.4891E-06 3.9342E-06
1.3050E-05 5.4939E-03 6.3814E-06 1.3648E-03 1.2902E-02 2.4892E-06 4.9450E-06
1.3125E-05 5.4986E-03 5.5520E-06 1.3637E-03 1.2899E-02 1.4691E-06 6.2021E-06
1.3200E-05 5.5010E-03 6.9455E-06 1.3634E-03 1.2895E-02 2.1289E-06 5.4695E-06
1.3275E-05 5.5044E-03 8.8724E-06 1.3621E-03 1.2891E-02 3.9403E-06 3.4751E-06
1.3350E-05 5.5092E-03 8.6132E-06 1.3600E-03 1.2889E-02 4.3560E-06 2.7677E-06
1.3425E-05 5.5143E-03 6.7476E-06 1.3582E-03 1.2888E-02 3.2774E-06 3.5265E-06
1.3500E-05 5.5180E-03 6.0167E-06 1.3583E-03 1.2885E-02 1.9562E-06 4.7149E-06
1.3575E-05 5.5196E-03 7.0359E-06 1.3583E-03 1.2883E-02 2.0730E-06 4.5151E-06
1.3650E-05 5.5200E-03 7.7764E-06 1.3611E-03 1.2879E-02 2.7037E-06 3.9587E-06
1.3725E-05 5.5209E-03 6.8044E-06 1.3650E-03 1.2875E-02 3.2278E-06 3.5898E-06
1.3800E-05 5.5223E-03 5.3806E-06 1.3672E-03 1.2872E-02 3.6370E-06 3.5159E-06
1.3875E-05 5.5217E-03 6.0686E-06 1.3694E-03 1.2869E-02 3.0552E-06 4.2184E-06
1.3950E-05 5.5194E-03 8.4900E-06 1.3724E-03 1.2867E-02 1.9633E-06 5.2707E-06
1.4025E-05 5.5187E-03 9.3329E-06 1.3775E-03 1.2861E-02 2.2248E-06 5.1097E-06
1.4100E-05 5.5202E-03 7.6109E-06 1.3829E-03 1.2856E-02 3.2217E-06 4.0643E-06
1.4175E-05 5.5221E-03 5.7339E-06 1.3867E-03 1.2852E-02 3.6270E-06 3.5458E-06
1.4250E-05 5.5219E-03 5.9928E-06 1.3925E-03 1.2846E-02 2.8067E-06 4.2936E-06
1.4325E-05 5.5210E-03 6.8494E-06 1.3977E-03 1.2842E-02 2.2188E-06 4.7273E-06
1.4400E-05 5.5210E-03 6.8258E-06 1.4039E-03 1.2835E-02 2.4706E-06 4.3236E-06
1.4475E-05 5.5214E-03 6.5158E-06 1.4089E-03 1.2830E-02 3.3112E-06 3.3836E-06
1.4550E-05 5.5204E-03 7.4509E-06 1.4146E-03 1.2825E-02 3.3611E-06 3.2999E-06
1.4625E-05 5.5193E-03 8.6286E-06 1.4193E-03 1.2820E-02 3.0752E-06 3.8263E-06
1.4700E-05 5.5199E-03 7.9527E-06 1.4242E-03 1.2815E-02 2.9033E-06 4.0754E-06
1.4775E-05 5.5216E-03 6.2193E-06 1.4282E-03 1.2810E-02 2.2286E-06 4.9311E-06
1.4850E-05 5.5219E-03 5.9166E-06 1.4320E-03 1.2806E-02 2.3594E-06 5.4243E-06
1.4925E-05 5.5208E-03 7.1866E-06 1.4353E-03 1.2803E-02 3.0790E-06 4.6730E-06
1.5000E-05 5.5208E-03 7.5309E-06 1.4369E-03 1.2801E-02 4.2528E-06 3.3805E-06
