#t ball_ke ball_ie coating_ke coating_ie plate_ke plate_ie
0.0000E+00 2.0139E-02 0.0000E+00 0.0000E+00 0.0000E+00 0.0000E+00 0.0000E+00
7.5201E-08 2.0139E-02 1.0689E-14 0.0000E+00 0.0000E+00 0.0000E+00 0.0000E+00
1.5040E-07 2.0139E-02 4.0118E-14 0.0000E+00 0.0000E+00 0.0000E+00 0.0000E+00
2.2504E-07 2.0139E-02 8.7709E-14 4.9748E-15 1.4316E-15 4.4470E-16 4.7603E-16
3.0024E-07 2.0139E-02 1.5438E-13 4.4375E-15 1.1840E-14 3.1277E-15 3.1147E-15
3.7544E-07 2.0139E-02 2.3968E-13 8.1862E-15 1.2836E-14 5.7541E-15 5.8222E-15
4.5009E-07 2.0139E-02 3.4261E-13 1.1568E-14 1.1798E-14 7.5338E-15 8.2118E-15
5.2529E-07 2.0139E-02 4.6478E-13 3.0133E-14 1.4351E-14 1.0318E-14 9.7464E-15
6.0049E-07 2.0139E-02 6.0462E-13 3.3619E-14 1.8408E-14 2.1449E-14 1.5198E-14
6.7514E-07 2.0139E-02 7.6084E-13 2.3809E-14 3.9650E-14 1.7680E-14 3.2507E-14
7.5034E-07 2.0139E-02 9.3619E-13 4.2067E-14 6.4584E-14 3.6268E-14 2.4916E-14
8.2555E-07 2.0139E-02 1.1297E-12 6.0190E-14 7.5329E-14 3.2905E-14 3.8568E-14
9.0019E-07 2.0139E-02 1.3390E-12 5.3559E-14 1.1077E-13 3.9168E-14 5.1408E-14
9.7540E-07 2.0139E-02 1.5673E-12 8.5930E-14 1.2382E-13 5.2272E-14 5.3855E-14
1.0500E-06 2.0139E-02 1.8130E-12 7.8552E-14 1.6876E-13 7.4576E-14 6.7479E-14
1.1252E-06 2.0139E-02 2.0785E-12 9.2503E-14 2.0278E-13 7.6476E-14 9.2514E-14
1.2005E-06 2.0139E-02 2.3587E-12 1.4172E-13 2.1293E-13 8.2565E-14 1.1699E-13
1.2751E-06 2.0139E-02 2.6545E-12 2.3148E-13 2.6003E-13 1.1146E-13 9.0059E-14
1.3503E-06 2.0139E-02 2.9709E-12 1.7355E-13 3.7204E-13 9.7307E-14 1.1918E-13
1.4255E-06 2.0139E-02 3.3066E-12 2.4134E-13 3.8986E-13 1.1802E-13 1.4060E-13
1.5002E-06 2.0138E-02 3.3129E-08 4.7552E-07 9.6508E-07 3.3500E-09 5.7233E-09
1.5754E-06 2.0131E-02 2.0659E-07 7.9571E-07 6.2105E-06 5.2301E-08 2.4507E-07
1.6500E-06 2.0114E-02 8.4557E-07 1.2363E-06 1.9231E-05 1.8587E-07 1.1723E-06
1.7252E-06 2.0081E-02 2.2140E-06 1.5365E-06 4.3068E-05 4.9836E-07 3.6334E-06
1.8004E-06 2.0029E-02 4.7794E-06 2.0174E-06 8.0725E-05 9.9358E-07 8.3240E-06
1.8751E-06 1.9954E-02 8.7358E-06 2.4525E-06 1.3401E-04 1.7245E-06 1.6183E-05
1.9503E-06 1.9851E-02 1.4389E-05 2.9598E-06 2.0692E-04 2.6012E-06 2.7943E-05
2.0255E-06 1.9716E-02 2.1813E-05 3.5306E-06 3.0046E-04 3.4376E-06 4.5044E-05
2.1001E-06 1.9551E-02 3.0941E-05 4.0948E-06 4.1400E-04 4.1194E-06 6.9541E-05
2.1753E-06 1.9349E-02 4.1815E-05 4.6397E-06 5.4911E-04 4.5071E-06 1.0398E-04
2.2505E-06 1.9111E-02 5.4259E-05 5.2135E-06 7.0493E-04 4.6127E-06 1.5040E-04
2.3252E-06 1.8838E-02 6.8142E-05 5.8863E-06 8.7858E-04 4.5087E-06 2.1042E-04
2.4004E-06 1.8525E-02 8.3651E-05 6.7113E-06 1.0687E-03 4.5234E-06 2.9009E-04
2.4750E-06 1.8175E-02 1.0060E-04 7.1941E-06 1.2696E-03 4.7186E-06 3.9234E-04
2.5502E-06 1.7786E-02 1.1883E-04 8.3038E-06 1.4852E-03 4.8898E-06 5.1668E-04
2.6254E-06 1.7359E-02 1.3852E-04 9.1650E-06 1.7107E-03 5.3212E-06 6.6482E-04
2.7001E-06 1.6900E-02 1.5930E-04 1.0098E-05 1.9420E-03 6.0627E-06 8.3809E-04
2.7753E-06 1.6403E-02 1.8159E-04 1.0136E-05 2.1785E-03 7.0799E-06 1.0413E-03
2.8505E-06 1.5873E-02 2.0497E-04 1.0435E-05 2.4085E-03 8.8249E-06 1.2804E-03
2.9251E-06 1.5317E-02 2.2869E-04 1.1584E-05 2.6396E-03 1.0188E-05 1.5467E-03
3.0003E-06 1.4730E-02 2.5126E-04 1.2573E-05 2.8798E-03 1.0980E-05 1.8350E-03
3.0755E-06 1.4118E-02 2.7275E-04 1.3160E-05 3.1257E-03 1.1681E-05 2.1433E-03
3.1502E-06 1.3489E-02 2.9320E-04 1.3197E-05 3.3753E-03 1.2299E-05 2.4674E-03
3.2254E-06 1.2834E-02 3.1459E-04 1.3052E-05 3.6219E-03 1.3458E-05 2.8168E-03
3.3000E-06 1.2168E-02 3.3813E-04 1.2975E-05 3.8601E-03 1.4580E-05 3.1859E-03
3.3752E-06 1.1484E-02 3.6291E-04 1.3785E-05 4.1004E-03 1.4722E-05 3.5728E-03
3.4504E-06 1.0792E-02 3.8601E-04 1.3071E-05 4.3434E-03 1.4065E-05 3.9661E-03
3.5251E-06 1.0100E-02 4.0826E-04 1.3063E-05 4.5887E-03 1.3066E-05 4.3600E-03
3.6003E-06 9.3985E-03 4.3143E-04 1.2121E-05 4.8294E-03 1.2994E-05 4.7625E-03
3.6755E-06 8.6965E-03 4.5576E-04 1.1804E-05 5.0604E-03 1.3054E-05 5.1750E-03
3.7501E-06 8.0044E-03 4.7778E-04 1.2103E-05 5.2876E-03 1.3055E-05 5.5888E-03
3.8253E-06 7.3165E-03 4.9605E-04 1.2268E-05 5.5152E-03 1.2552E-05 6.0044E-03
3.9005E-06 6.6421E-03 5.1215E-04 1.0942E-05 5.7347E-03 1.1664E-05 6.4162E-03
3.9752E-06 5.9879E-03 5.2712E-04 9.8823E-06 5.9517E-03 1.0633E-05 6.8118E-03
4.0504E-06 5.3469E-03 5.4408E-04 8.8698E-06 6.1569E-03 1.0061E-05 7.2018E-03
4.1255E-06 4.7286E-03 5.6288E-04 9.8181E-06 6.3531E-03 9.9203E-06 7.5805E-03
4.2002E-06 4.1396E-03 5.8083E-04 8.1088E-06 6.5386E-03 9.2917E-06 7.9476E-03
4.2752E-06 3.5787E-03 5.9604E-04 7.4555E-06 6.7134E-03 8.2961E-06 8.2992E-03
4.3503E-06 3.0489E-03 6.1045E-04 6.5192E-06 6.8803E-03 7.1315E-06 8.6311E-03
4.4252E-06 2.5566E-03 6.2318E-04 5.4360E-06 7.0389E-03 5.8175E-06 8.9355E-03
4.5005E-06 2.0983E-03 6.3464E-04 4.4289E-06 7.1930E-03 4.5853E-06 9.2110E-03
4.5752E-06 1.6836E-03 6.4416E-04 4.7342E-06 7.3278E-03 3.7897E-06 9.4618E-03
4.6501E-06 1.3083E-03 6.5146E-04 3.4983E-06 7.4519E-03 3.2843E-06 9.6949E-03
4.7254E-06 9.7641E-04 6.5572E-04 2.9938E-06 7.5585E-03 2.5915E-06 9.9062E-03
4.8005E-06 6.9155E-04 6.6026E-04 1.9912E-06 7.6474E-03 1.8955E-06 1.0091E-02
4.8755E-06 4.5507E-04 6.6584E-04 1.8722E-06 7.7315E-03 1.1756E-06 1.0234E-02
4.9504E-06 2.6725E-04 6.7193E-04 1.8292E-06 7.8084E-03 6.4642E-07 1.0333E-02
5.0252E-06 1.2880E-04 6.7648E-04 1.3219E-06 7.8725E-03 4.0223E-07 1.0398E-02
5.1004E-06 3.9849E-05 6.7815E-04 1.1659E-06 7.9267E-03 3.7587E-07 1.0430E-02
5.1755E-06 1.6511E-06 6.7628E-04 1.0472E-06 7.9605E-03 3.6534E-07 1.0436E-02
5.2500E-06 1.3810E-05 6.7476E-04 1.0940E-06 7.9682E-03 3.2753E-07 1.0424E-02
5.3255E-06 7.6331E-05 6.7016E-04 8.0972E-07 7.9506E-03 2.4579E-07 1.0400E-02
5.4005E-06 1.8718E-04 6.5591E-04 1.1917E-06 7.8986E-03 2.3066E-07 1.0376E-02
5.4755E-06 3.4445E-04 6.3122E-04 1.2447E-06 7.8222E-03 3.7017E-07 1.0347E-02
5.5500E-06 5.4367E-04 6.0319E-04 1.3413E-06 7.7270E-03 7.8578E-07 1.0303E-02
5.6251E-06 7.8459E-04 5.7635E-04 1.7701E-06 7.6129E-03 1.6892E-06 1.0239E-02
5.7004E-06 1.0628E-03 5.5178E-04 1.5569E-06 7.4830E-03 2.9357E-06 1.0157E-02
5.7753E-06 1.3723E-03 5.2614E-04 1.8320E-06 7.3347E-03 4.1453E-06 1.0065E-02
5.8503E-06 1.7105E-03 4.9502E-04 2.1773E-06 7.1732E-03 5.2326E-06 9.9673E-03
5.9251E-06 2.0699E-03 4.5895E-04 2.5622E-06 7.0027E-03 5.9943E-06 9.8668E-03
6.0005E-06 2.4504E-03 4.1934E-04 2.5103E-06 6.8183E-03 6.5063E-06 9.7644E-03
6.0751E-06 2.8379E-03 3.8152E-04 3.1215E-06 6.6290E-03 6.7560E-06 9.6594E-03
6.1505E-06 3.2358E-03 3.4450E-04 3.0076E-06 6.4346E-03 6.5930E-06 9.5515E-03
6.2255E-06 3.6327E-03 3.0616E-04 3.0317E-06 6.2398E-03 6.1029E-06 9.4475E-03
6.3004E-06 4.0230E-03 2.6788E-04 3.3392E-06 6.0426E-03 5.7530E-06 9.3516E-03
6.3750E-06 4.4012E-03 2.2998E-04 3.3532E-06 5.8498E-03 5.9041E-06 9.2620E-03
6.4501E-06 4.7648E-03 1.9229E-04 3.5773E-06 5.6661E-03 6.5516E-06 9.1738E-03
6.5253E-06 5.1088E-03 1.5816E-04 3.7554E-06 5.4934E-03 7.4236E-06 9.0869E-03
6.6005E-06 5.4282E-03 1.2866E-04 3.8483E-06 5.3332E-03 8.3211E-06 9.0049E-03
6.6752E-06 5.7176E-03 1.0163E-04 3.9484E-06 5.1857E-03 9.1985E-06 8.9326E-03
6.7504E-06 5.9781E-03 7.7948E-05 4.1042E-06 5.0520E-03 9.8559E-06 8.8683E-03
6.8250E-06 6.2037E-03 5.7520E-05 4.1858E-06 4.9360E-03 1.0185E-05 8.8132E-03
6.9002E-06 6.3962E-03 4.0309E-05 4.0229E-06 4.8390E-03 1.0260E-05 8.7646E-03
6.9754E-06 6.5529E-03 2.5976E-05 3.9697E-06 4.7608E-03 9.6044E-06 8.7256E-03
7.0501E-06 6.6730E-03 1.4568E-05 3.7173E-06 4.7008E-03 8.4149E-06 8.6974E-03
7.1253E-06 6.7584E-03 6.4245E-06 3.3478E-06 4.6585E-03 7.1853E-06 8.6786E-03
7.2005E-06 6.8097E-03 1.9652E-06 2.9521E-06 4.6334E-03 5.9253E-06 8.6682E-03
7.2751E-06 6.8318E-03 4.7442E-07 2.1412E-06 4.6244E-03 4.7429E-06 8.6636E-03
7.3503E-06 6.8372E-03 5.9037E-07 1.2515E-06 4.6235E-03 2.7156E-06 8.6637E-03
7.4255E-06 6.8372E-03 8.7159E-07 1.0688E-06 4.6232E-03 8.5675E-07 8.6658E-03
7.5002E-06 6.8373E-03 7.4292E-07 6.8706E-07 4.6226E-03 6.0471E-07 8.6671E-03
7.5754E-06 6.8375E-03 3.9689E-07 9.3021E-07 4.6211E-03 1.5009E-06 8.6673E-03
7.6500E-06 6.8376E-03 3.0868E-07 1.2468E-06 4.6222E-03 3.1363E-06 8.6643E-03
7.7252E-06 6.8374E-03 5.9224E-07 1.1870E-06 4.6244E-03 4.0248E-06 8.6617E-03
7.8003E-06 6.8373E-03 8.2277E-07 1.0283E-06 4.6247E-03 3.5190E-06 8.6618E-03
7.8755E-06 6.8373E-03 7.4425E-07 9.1925E-07 4.6254E-03 2.4214E-06 8.6624E-03
7.9500E-06 6.8375E-03 4.6834E-07 7.3453E-07 4.6249E-03 1.6204E-06 8.6638E-03
8.0252E-06 6.8377E-03 2.8553E-07 7.2543E-07 4.6247E-03 1.0633E-06 8.6646E-03
8.1003E-06 6.8375E-03 5.1827E-07 8.0346E-07 4.6244E-03 1.3655E-06 8.6646E-03
8.1755E-06 6.8372E-03 8.6001E-07 1.0405E-06 4.6240E-03 2.5320E-06 8.6636E-03
8.2501E-06 6.8373E-03 7.8609E-07 8.3555E-07 4.6236E-03 3.8064E-06 8.6630E-03
8.3252E-06 6.8375E-03 4.2751E-07 9.9392E-07 4.6229E-03 3.8956E-06 8.6634E-03
8.4003E-06 6.8376E-03 3.0196E-07 9.4707E-07 4.6231E-03 2.8513E-06 8.6643E-03
8.4755E-06 6.8374E-03 5.3358E-07 7.7876E-07 4.6228E-03 1.7283E-06 8.6659E-03
8.5501E-06 6.8373E-03 8.2694E-07 7.8601E-07 4.6232E-03 1.2449E-06 8.6660E-03
8.6252E-06 6.8373E-03 7.7584E-07 8.0615E-07 4.6237E-03 1.5032E-06 8.6653E-03
8.7003E-06 6.8375E-03 4.7705E-07 9.6523E-07 4.6239E-03 2.3753E-06 8.6639E-03
8.7755E-06 6.8376E-03 2.9105E-07 8.9464E-07 4.6246E-03 3.1137E-06 8.6627E-03
8.8501E-06 6.8376E-03 4.8503E-07 8.0974E-07 4.6248E-03 3.2944E-06 8.6623E-03
8.9252E-06 6.8372E-03 8.3587E-07 8.8164E-07 4.6245E-03 3.3008E-06 8.6625E-03
9.0004E-06 6.8372E-03 8.0340E-07 7.6731E-07 4.6246E-03 2.6599E-06 8.6633E-03
9.0755E-06 6.8376E-03 4.6015E-07 8.4007E-07 4.6242E-03 1.7823E-06 8.6644E-03
9.1501E-06 6.8376E-03 3.0757E-07 6.6819E-07 4.6240E-03 1.1925E-06 8.6653E-03
9.2252E-06 6.8374E-03 5.0055E-07 7.6299E-07 4.6240E-03 1.4023E-06 8.6650E-03
9.3004E-06 6.8373E-03 7.8021E-07 9.1221E-07 4.6240E-03 2.6666E-06 8.6637E-03
9.3755E-06 6.8373E-03 8.2086E-07 7.3528E-07 4.6241E-03 4.0000E-06 8.6625E-03
9.4501E-06 6.8375E-03 5.0597E-07 1.0263E-06 4.6238E-03 3.6805E-06 8.6628E-03
9.5252E-06 6.8376E-03 2.9464E-07 8.6070E-07 4.6235E-03 2.6350E-06 8.6643E-03
9.6004E-06 6.8375E-03 4.4934E-07 7.1389E-07 4.6237E-03 1.3497E-06 8.6654E-03
9.6755E-06 6.8373E-03 8.0129E-07 9.3677E-07 4.6235E-03 9.5016E-07 8.6659E-03
9.7501E-06 6.8372E-03 8.4706E-07 7.8421E-07 4.6239E-03 1.6240E-06 8.6649E-03
9.8253E-06 6.8375E-03 4.9383E-07 8.0916E-07 4.6247E-03 2.6446E-06 8.6632E-03
9.9004E-06 6.8377E-03 2.8370E-07 9.2894E-07 4.6248E-03 3.4265E-06 8.6621E-03
9.9755E-06 6.8375E-03 4.8777E-07 8.7363E-07 4.6243E-03 3.7145E-06 8.6623E-03
1.0050E-05 6.8373E-03 7.7121E-07 9.2905E-07 4.6242E-03 2.7684E-06 8.6633E-03
1.0125E-05 6.8373E-03 8.0344E-07 7.0693E-07 4.6243E-03 1.9215E-06 8.6643E-03
1.0200E-05 6.8374E-03 5.5577E-07 7.1924E-07 4.6241E-03 1.3046E-06 8.6651E-03
1.0275E-05 6.8376E-03 3.0196E-07 6.2988E-07 4.6238E-03 1.4864E-06 8.6653E-03
1.0350E-05 6.8375E-03 4.2730E-07 7.5527E-07 4.6239E-03 2.3961E-06 8.6641E-03
1.0425E-05 6.8373E-03 7.4879E-07 7.0717E-07 4.6239E-03 3.2218E-06 8.6633E-03
1.0500E-05 6.8372E-03 8.6666E-07 7.5545E-07 4.6245E-03 3.4177E-06 8.6626E-03
1.0575E-05 6.8374E-03 5.5457E-07 7.5915E-07 4.6242E-03 3.0154E-06 8.6632E-03
1.0650E-05 6.8377E-03 2.6922E-07 7.0422E-07 4.6240E-03 2.1132E-06 8.6643E-03
1.0725E-05 6.8375E-03 4.4222E-07 7.7154E-07 4.6241E-03 1.8251E-06 8.6645E-03
1.0800E-05 6.8373E-03 7.6573E-07 7.0643E-07 4.6242E-03 1.6819E-06 8.6647E-03
1.0875E-05 6.8373E-03 8.1535E-07 6.0083E-07 4.6245E-03 1.9032E-06 8.6642E-03
1.0950E-05 6.8374E-03 5.8603E-07 7.9411E-07 4.6233E-03 2.4576E-06 8.6646E-03
1.1025E-05 6.8376E-03 3.1444E-07 6.9483E-07 4.6231E-03 2.9847E-06 8.6644E-03
1.1100E-05 6.8375E-03 3.8575E-07 7.6183E-07 4.6236E-03 3.4185E-06 8.6635E-03
1.1175E-05 6.8373E-03 7.4508E-07 7.5513E-07 4.6243E-03 3.3519E-06 8.6628E-03
1.1250E-05 6.8372E-03 8.5299E-07 6.9230E-07 4.6250E-03 2.0911E-06 8.6633E-03
1.1325E-05 6.8374E-03 5.9320E-07 6.4216E-07 4.6255E-03 1.0491E-06 8.6641E-03
1.1400E-05 6.8377E-03 2.9980E-07 6.1222E-07 4.6258E-03 1.2372E-06 8.6636E-03
1.1475E-05 6.8376E-03 3.9733E-07 7.2331E-07 4.6247E-03 2.1518E-06 8.6635E-03
1.1550E-05 6.8373E-03 7.2848E-07 8.9216E-07 4.6233E-03 3.3598E-06 8.6636E-03
1.1625E-05 6.8372E-03 8.3184E-07 9.0160E-07 4.6232E-03 3.7510E-06 8.6633E-03
1.1700E-05 6.8374E-03 6.1615E-07 7.7871E-07 4.6234E-03 3.0011E-06 8.6640E-03
1.1775E-05 6.8376E-03 3.3714E-07 7.7424E-07 4.6234E-03 2.0237E-06 8.6650E-03
1.1850E-05 6.8376E-03 3.4635E-07 6.5434E-07 4.6230E-03 1.2974E-06 8.6661E-03
1.1925E-05 6.8373E-03 7.0730E-07 5.9479E-07 4.6233E-03 1.2976E-06 8.6660E-03
1.2000E-05 6.8372E-03 8.8106E-07 7.0323E-07 4.6244E-03 2.1797E-06 8.6639E-03
1.2075E-05 6.8374E-03 6.1645E-07 7.9117E-07 4.6252E-03 2.7927E-06 8.6623E-03
1.2150E-05 6.8376E-03 3.1634E-07 8.7227E-07 4.6257E-03 3.4959E-06 8.6610E-03
1.2225E-05 6.8376E-03 3.6703E-07 9.3758E-07 4.6251E-03 3.4194E-06 8.6616E-03
1.2301E-05 6.8374E-03 7.0367E-07 6.5066E-07 4.6244E-03 2.3230E-06 8.6639E-03
1.2375E-05 6.8373E-03 8.4722E-07 7.1932E-07 4.6245E-03 1.4284E-06 8.6644E-03
1.2450E-05 6.8374E-03 6.2551E-07 6.8187E-07 4.6241E-03 1.1743E-06 8.6651E-03
1.2525E-05 6.8376E-03 3.7192E-07 6.8470E-07 4.6233E-03 1.7283E-06 8.6654E-03
1.2601E-05 6.8376E-03 3.4392E-07 8.6786E-07 4.6228E-03 2.8381E-06 8.6646E-03
1.2675E-05 6.8374E-03 6.3453E-07 7.1403E-07 4.6235E-03 3.2372E-06 8.6636E-03
1.2750E-05 6.8372E-03 8.8508E-07 6.7776E-07 4.6244E-03 3.1359E-06 8.6629E-03
1.2825E-05 6.8373E-03 6.7681E-07 7.7617E-07 4.6244E-03 2.7148E-06 8.6632E-03
1.2901E-05 6.8376E-03 3.2240E-07 6.6379E-07 4.6244E-03 2.2626E-06 8.6637E-03
1.2975E-05 6.8376E-03 3.3770E-07 6.0044E-07 4.6245E-03 1.6490E-06 8.6643E-03
1.3050E-05 6.8374E-03 6.6866E-07 5.7523E-07 4.6238E-03 1.0493E-06 8.6656E-03
1.3125E-05 6.8373E-03 8.5912E-07 6.6191E-07 4.6241E-03 1.6384E-06 8.6646E-03
1.3201E-05 6.8374E-03 6.6121E-07 6.4616E-07 4.6245E-03 3.1946E-06 8.6626E-03
1.3275E-05 6.8376E-03 3.6569E-07 8.1868E-07 4.6248E-03 4.0388E-06 8.6615E-03
1.3350E-05 6.8376E-03 3.4665E-07 7.7041E-07 4.6245E-03 3.5889E-06 8.6622E-03
1.3425E-05 6.8374E-03 6.0070E-07 6.1273E-07 4.6244E-03 2.1964E-06 8.6638E-03
1.3500E-05 6.8372E-03 8.6852E-07 5.8743E-07 4.6244E-03 7.8226E-07 8.6654E-03
1.3575E-05 6.8373E-03 7.1463E-07 5.7211E-07 4.6239E-03 7.5375E-07 8.6659E-03
1.3650E-05 6.8375E-03 3.5154E-07 6.5488E-07 4.6232E-03 2.0706E-06 8.6650E-03
1.3725E-05 6.8375E-03 3.2470E-07 6.7050E-07 4.6233E-03 3.1699E-06 8.6638E-03
1.3800E-05 6.8374E-03 6.2429E-07 7.0806E-07 4.6237E-03 3.7872E-06 8.6628E-03
1.3875E-05 6.8372E-03 8.3936E-07 7.9313E-07 4.6241E-03 3.4667E-06 8.6627E-03
1.3950E-05 6.8373E-03 7.1624E-07 6.5403E-07 4.6246E-03 2.3164E-06 8.6634E-03
1.4025E-05 6.8376E-03 3.9528E-07 6.2096E-07 4.6245E-03 1.3167E-06 8.6646E-03
1.4100E-05 6.8376E-03 3.0437E-07 5.8803E-07 4.6250E-03 9.4863E-07 8.6645E-03
1.4175E-05 6.8374E-03 5.8324E-07 6.1526E-07 4.6250E-03 1.5039E-06 8.6639E-03
1.4250E-05 6.8372E-03 8.4766E-07 6.6257E-07 4.6247E-03 2.9836E-06 8.6627E-03
1.4325E-05 6.8373E-03 7.5524E-07 6.3863E-07 4.6242E-03 3.9162E-06 8.6622E-03
1.4400E-05 6.8375E-03 3.7433E-07 7.5937E-07 4.6235E-03 3.6388E-06 8.6632E-03
1.4475E-05 6.8376E-03 3.0120E-07 5.8833E-07 4.6230E-03 2.4617E-06 8.6650E-03
1.4550E-05 6.8374E-03 6.0119E-07 5.3564E-07 4.6225E-03 1.2453E-06 8.6667E-03
1.4625E-05 6.8372E-03 8.3574E-07 6.3242E-07 4.6233E-03 1.1929E-06 8.6657E-03
1.4700E-05 6.8373E-03 7.2279E-07 7.4053E-07 4.6244E-03 1.6775E-06 8.6642E-03
1.4775E-05 6.8375E-03 4.3217E-07 7.9403E-07 4.6255E-03 2.3287E-06 8.6624E-03
1.4850E-05 6.8377E-03 3.0943E-07 7.3030E-07 4.6255E-03 3.1303E-06 8.6616E-03
1.4925E-05 6.8374E-03 5.3905E-07 8.4513E-07 4.6248E-03 3.3596E-06 8.6620E-03
1.5000E-05 6.8372E-03 8.2690E-07 7.8669E-07 4.6245E-03 3.0973E-06 8.6625E-03
