                X                Y                Z                X                Y                Z       
----------------------------------------------------------------------------------------------------------
   1           5.E-03               0.               0.      5.00294E-03     -1.09067E-06               0.
   2        4.975E-03               0.               0.      4.97794E-03     -1.06977E-06               0.
   3         4.95E-03               0.               0.      4.95295E-03     -1.04898E-06               0.
   4        4.925E-03               0.               0.      4.92795E-03     -1.02787E-06               0.
   5          4.9E-03               0.               0.      4.90296E-03     -1.00672E-06               0.
   6        4.875E-03               0.               0.      4.87796E-03      -985.47E-09               0.
   7         4.85E-03               0.               0.      4.85297E-03     -964.172E-09               0.
   8        4.825E-03               0.               0.      4.82797E-03     -943.097E-09               0.
   9          4.8E-03               0.               0.      4.80298E-03     -922.149E-09               0.
  10        4.775E-03               0.               0.      4.77798E-03     -900.883E-09               0.
  11         4.75E-03               0.               0.      4.75298E-03     -880.057E-09               0.
  12        4.725E-03               0.               0.      4.72799E-03     -858.957E-09               0.
  13          4.7E-03               0.               0.      4.70299E-03     -837.764E-09               0.
  14        4.675E-03               0.               0.        4.678E-03      -816.52E-09               0.
  15         4.65E-03               0.               0.        4.653E-03     -795.136E-09               0.
  16        4.625E-03               0.               0.      4.62801E-03      -773.78E-09               0.
  17          4.6E-03               0.               0.      4.60301E-03     -752.973E-09               0.
  18        4.575E-03               0.               0.      4.57802E-03     -732.097E-09               0.
  19         4.55E-03               0.               0.      4.55302E-03     -711.168E-09               0.
  20        4.525E-03               0.               0.      4.52803E-03     -690.418E-09               0.
  21          4.5E-03               0.               0.      4.50303E-03      -669.91E-09               0.
  22        4.475E-03               0.               0.      4.47804E-03     -649.636E-09               0.
  23         4.45E-03               0.               0.      4.45305E-03     -629.909E-09               0.
  24        4.425E-03               0.               0.      4.42805E-03     -610.019E-09               0.
  25          4.4E-03               0.               0.      4.40306E-03     -590.429E-09               0.
  26        4.375E-03               0.               0.      4.37806E-03     -570.734E-09               0.
  27         4.35E-03               0.               0.      4.35307E-03     -551.041E-09               0.
  28        4.325E-03               0.               0.      4.32808E-03     -531.808E-09               0.
  29          4.3E-03               0.               0.      4.30308E-03     -512.346E-09               0.
  30        4.275E-03               0.               0.      4.27809E-03     -492.658E-09               0.
  31         4.25E-03               0.               0.       4.2531E-03     -472.779E-09               0.
  32        4.225E-03               0.               0.      4.22811E-03     -452.315E-09               0.
  33          4.2E-03               0.               0.      4.20312E-03     -431.878E-09               0.
  34        4.175E-03               0.               0.      4.17813E-03     -411.275E-09               0.
  35         4.15E-03               0.               0.      4.15314E-03     -390.504E-09               0.
  36        4.125E-03               0.               0.      4.12815E-03     -369.986E-09               0.
  37          4.1E-03               0.               0.      4.10316E-03     -349.344E-09               0.
  38        4.075E-03               0.               0.      4.07817E-03     -329.106E-09               0.
  39         4.05E-03               0.               0.      4.05318E-03     -308.801E-09               0.
  40        4.025E-03               0.               0.       4.0282E-03     -288.281E-09               0.
  41           4.E-03               0.               0.      4.00321E-03     -267.404E-09               0.
  42        3.975E-03               0.               0.      3.97823E-03     -245.728E-09               0.
  43         3.95E-03               0.               0.      3.95324E-03     -223.549E-09               0.
  44        3.925E-03               0.               0.      3.92826E-03     -200.567E-09               0.
  45          3.9E-03               0.               0.      3.90328E-03     -177.493E-09               0.
  46        3.875E-03               0.               0.      3.87829E-03     -154.122E-09               0.
  47         3.85E-03               0.               0.      3.85331E-03     -130.804E-09               0.
  48        3.825E-03               0.               0.      3.82833E-03     -107.623E-09               0.
  49          3.8E-03               0.               0.      3.80335E-03      -83.679E-09               0.
  50        3.775E-03               0.               0.      3.77837E-03     -59.2031E-09               0.
  51         3.75E-03               0.               0.      3.75339E-03     -34.3734E-09               0.
  52        3.725E-03               0.               0.      3.72841E-03     -9.63519E-09               0.
  53          3.7E-03               0.               0.      3.70344E-03      14.9535E-09               0.
  54        3.675E-03               0.               0.      3.67846E-03      39.7613E-09               0.
  55         3.65E-03               0.               0.      3.65349E-03      65.1758E-09               0.
  56        3.625E-03               0.               0.      3.62852E-03      91.3665E-09               0.
  57          3.6E-03               0.               0.      3.60354E-03      117.999E-09               0.
  58        3.575E-03               0.               0.      3.57857E-03      145.418E-09               0.
  59         3.55E-03               0.               0.      3.55361E-03      173.427E-09               0.
  60        3.525E-03               0.               0.      3.52864E-03      202.887E-09               0.
  61          3.5E-03               0.               0.      3.50368E-03      233.545E-09               0.
  62        3.475E-03               0.               0.      3.47871E-03      265.505E-09               0.
  63         3.45E-03               0.               0.      3.45375E-03      298.683E-09               0.
  64        3.425E-03               0.               0.      3.42879E-03      333.014E-09               0.
  65          3.4E-03               0.               0.      3.40383E-03      368.224E-09               0.
  66        3.375E-03               0.               0.      3.37888E-03      404.695E-09               0.
  67         3.35E-03               0.               0.      3.35392E-03      442.615E-09               0.
  68        3.325E-03               0.               0.      3.32897E-03      481.765E-09               0.
  69          3.3E-03               0.               0.      3.30403E-03      522.983E-09               0.
  70        3.275E-03               0.               0.      3.27908E-03      567.127E-09               0.
  71         3.25E-03               0.               0.      3.25414E-03      613.657E-09               0.
  72        3.225E-03               0.               0.       3.2292E-03      663.249E-09               0.
  73          3.2E-03               0.               0.      3.20426E-03      714.022E-09               0.
  74        3.175E-03               0.               0.      3.17932E-03      765.287E-09               0.
  75         3.15E-03               0.               0.      3.15439E-03      817.717E-09               0.
  76        3.125E-03               0.               0.      3.12947E-03      871.181E-09               0.
  77          3.1E-03               0.               0.      3.10455E-03      928.996E-09               0.
  78        3.075E-03               0.               0.      3.07964E-03      991.967E-09               0.
  79         3.05E-03               0.               0.      3.05474E-03       1.0639E-06               0.
  80        3.025E-03               0.               0.      3.02985E-03      1.14445E-06               0.
  81           3.E-03               0.               0.      3.00495E-03      1.23184E-06               0.
  82        2.975E-03               0.               0.      2.98007E-03      1.32516E-06               0.
  83         2.95E-03               0.               0.      2.95519E-03      1.42347E-06               0.
  84        2.925E-03               0.               0.      2.93032E-03      1.52785E-06               0.
  85          2.9E-03               0.               0.      2.90547E-03      1.64376E-06               0.
  86        2.875E-03               0.               0.      2.88063E-03      1.77487E-06               0.
  87         2.85E-03               0.               0.      2.85582E-03      1.92379E-06               0.
  88        2.825E-03               0.               0.      2.83101E-03      2.09087E-06               0.
  89          2.8E-03               0.               0.      2.80624E-03      2.28263E-06               0.
  90        2.775E-03               0.               0.       2.7815E-03       2.4985E-06               0.
  91         2.75E-03               0.               0.      2.75681E-03      2.76468E-06               0.
  92        2.725E-03               0.               0.      2.73217E-03      3.08227E-06               0.
  93          2.7E-03               0.               0.      2.70761E-03      3.47054E-06               0.
  94        2.675E-03               0.               0.      2.68321E-03      4.01086E-06               0.
  95         2.65E-03               0.               0.      2.65904E-03      4.76243E-06               0.
  96        2.625E-03               0.               0.      2.63512E-03      5.74259E-06               0.
  97          2.6E-03               0.               0.      2.61151E-03      6.99611E-06               0.
  98        2.575E-03               0.               0.      2.58822E-03      8.51464E-06               0.
  99         2.55E-03               0.               0.      2.56526E-03      10.3152E-06               0.
 100        2.525E-03               0.               0.       2.5426E-03      12.3566E-06               0.
 101          2.5E-03               0.               0.      2.52025E-03      14.6282E-06               0.
 102        2.475E-03               0.               0.      2.49815E-03        17.09E-06               0.
 103         2.45E-03               0.               0.      2.47631E-03      19.7365E-06               0.
 104        2.425E-03               0.               0.      2.45472E-03      22.5641E-06               0.
 105          2.4E-03               0.               0.       2.4334E-03      25.5473E-06               0.
 106        2.375E-03               0.               0.      2.41232E-03      28.7064E-06               0.
 107         2.35E-03               0.               0.      2.39152E-03      32.0282E-06               0.
 108        2.325E-03               0.               0.      2.37099E-03       35.517E-06               0.
 109          2.3E-03               0.               0.      2.35072E-03       39.169E-06               0.
 110        2.275E-03               0.               0.       2.3307E-03      42.9708E-06               0.
 111         2.25E-03               0.               0.      2.31093E-03      46.9271E-06               0.
 112        2.225E-03               0.               0.      2.29143E-03      51.0297E-06               0.
 113          2.2E-03               0.               0.      2.27217E-03      55.2624E-06               0.
 114        2.175E-03               0.               0.      2.25316E-03      59.6428E-06               0.
 115         2.15E-03               0.               0.      2.23441E-03      64.1567E-06               0.
 116        2.125E-03               0.               0.      2.21591E-03      68.8003E-06               0.
 117          2.1E-03               0.               0.      2.19766E-03      73.5654E-06               0.
 118        2.075E-03               0.               0.      2.17966E-03      78.4552E-06               0.
 119         2.05E-03               0.               0.      2.16192E-03      83.4627E-06               0.
 120        2.025E-03               0.               0.      2.14444E-03      88.5797E-06               0.
 121           2.E-03               0.               0.      2.12724E-03      93.8003E-06               0.
 122        1.975E-03               0.               0.      2.11034E-03      99.1178E-06               0.
 123         1.95E-03               0.               0.      2.09375E-03      104.539E-06               0.
 124        1.925E-03               0.               0.      2.07748E-03      110.046E-06               0.
 125          1.9E-03               0.               0.      2.06157E-03      115.647E-06               0.
 126        1.875E-03               0.               0.      2.04602E-03      121.329E-06               0.
 127         1.85E-03               0.               0.      2.03088E-03      127.098E-06               0.
 128        1.825E-03               0.               0.      2.01616E-03      132.939E-06               0.
 129          1.8E-03               0.               0.      2.00188E-03      138.857E-06               0.
 130        1.775E-03               0.               0.      1.98805E-03      144.821E-06               0.
 131         1.75E-03               0.               0.      1.97471E-03      150.881E-06               0.
 132        1.725E-03               0.               0.      1.96184E-03       156.97E-06               0.
 133          1.7E-03               0.               0.      1.94945E-03       163.13E-06               0.
 134        1.675E-03               0.               0.      1.93754E-03      169.327E-06               0.
 135         1.65E-03               0.               0.       1.9261E-03      175.553E-06               0.
 136        1.625E-03               0.               0.      1.91514E-03      181.827E-06               0.
 137          1.6E-03               0.               0.      1.90466E-03      188.162E-06               0.
 138        1.575E-03               0.               0.       1.8946E-03      194.542E-06               0.
 139         1.55E-03               0.               0.      1.88495E-03      200.949E-06               0.
 140        1.525E-03               0.               0.      1.87567E-03      207.402E-06               0.
 141          1.5E-03               0.               0.      1.86674E-03      213.857E-06               0.
 142        1.475E-03               0.               0.      1.85814E-03      220.335E-06               0.
 143         1.45E-03               0.               0.      1.84982E-03      226.803E-06               0.
 144        1.425E-03               0.               0.      1.84173E-03      233.268E-06               0.
 145          1.4E-03               0.               0.       1.8338E-03      239.667E-06               0.
 146        1.375E-03               0.               0.      1.82594E-03      245.958E-06               0.
 147         1.35E-03               0.               0.      1.81806E-03      252.102E-06               0.
 148        1.325E-03               0.               0.      1.81005E-03      257.979E-06               0.
 149          1.3E-03               0.               0.       1.8019E-03      263.517E-06               0.
 150        1.275E-03               0.               0.       1.7936E-03      268.526E-06               0.
 151         1.25E-03               0.               0.      1.78533E-03      272.825E-06               0.
 152        1.225E-03               0.               0.      1.77723E-03      276.137E-06               0.
 153          1.2E-03               0.               0.      1.76947E-03      278.085E-06               0.
 154        1.175E-03               0.               0.      1.76218E-03      278.557E-06               0.
 155         1.15E-03               0.               0.      1.75529E-03      277.333E-06               0.
 156        1.125E-03               0.               0.      1.74865E-03      273.681E-06               0.
 157          1.1E-03               0.               0.       1.7413E-03      265.844E-06               0.
 158        1.075E-03               0.               0.      1.73326E-03      257.315E-06               0.
 159         1.05E-03               0.               0.      1.72433E-03        248.2E-06               0.
 160        1.025E-03               0.               0.      1.71504E-03      238.785E-06               0.
 161           1.E-03               0.               0.      1.70646E-03      229.944E-06               0.
 162         975.E-06               0.               0.      1.69876E-03      222.071E-06               0.
 163         950.E-06               0.               0.      1.69133E-03      214.631E-06               0.
 164         925.E-06               0.               0.      1.68462E-03      207.627E-06               0.
 165         900.E-06               0.               0.      1.67841E-03      201.126E-06               0.
 166         875.E-06               0.               0.      1.67141E-03      193.611E-06               0.
 167         850.E-06               0.               0.      1.66491E-03       187.16E-06               0.
 168         825.E-06               0.               0.      1.65884E-03       180.56E-06               0.
 169         800.E-06               0.               0.      1.65295E-03        174.6E-06               0.
 170         775.E-06               0.               0.      1.64769E-03      169.382E-06               0.
 171         750.E-06               0.               0.      1.64072E-03      162.178E-06               0.
 172         725.E-06               0.               0.      1.63154E-03      153.593E-06               0.
 173         700.E-06               0.               0.      1.61691E-03      140.105E-06               0.
 174         675.E-06               0.               0.      1.59535E-03      119.681E-06               0.
 175         650.E-06               0.               0.      1.53388E-03      66.5366E-06               0.
 176         625.E-06               0.               0.      1.42769E-03     -17.6311E-06               0.
 177         600.E-06               0.               0.      1.15615E-03     -191.064E-06               0.
 178         575.E-06               0.               0.      1.05521E-03     -248.419E-06               0.
 179         550.E-06               0.               0.      981.757E-06     -281.392E-06               0.
 180         525.E-06               0.               0.      963.684E-06     -288.719E-06               0.
 181         500.E-06               0.               0.      958.696E-06     -290.313E-06               0.
 182         475.E-06               0.               0.      931.898E-06      -301.48E-06               0.
 183         450.E-06               0.               0.      895.954E-06     -314.516E-06               0.
 184         425.E-06               0.               0.      853.324E-06     -331.134E-06               0.
 185         400.E-06               0.               0.      814.878E-06     -345.733E-06               0.
 186         375.E-06               0.               0.      771.753E-06     -362.414E-06               0.
 187         350.E-06               0.               0.      730.929E-06     -377.606E-06               0.
 188         325.E-06               0.               0.      687.528E-06     -388.996E-06               0.
 189         300.E-06               0.               0.      640.038E-06     -401.639E-06               0.
 190         275.E-06               0.               0.      591.343E-06     -414.605E-06               0.
 191         250.E-06               0.               0.      539.603E-06     -428.489E-06               0.
 192         225.E-06               0.               0.      485.426E-06     -441.931E-06               0.
 193         200.E-06               0.               0.      433.535E-06     -450.074E-06               0.
 194         175.E-06               0.               0.      379.692E-06     -458.575E-06               0.
 195         150.E-06               0.               0.      325.315E-06     -467.153E-06               0.
 196         125.E-06               0.               0.      269.495E-06     -475.955E-06               0.
 197         100.E-06               0.               0.      217.927E-06     -480.856E-06               0.
 198          75.E-06               0.               0.      167.518E-06     -483.456E-06               0.
 199          50.E-06               0.               0.      115.539E-06     -486.166E-06               0.
 200          25.E-06               0.               0.      61.4458E-06     -488.985E-06               0.
 201               0.               0.               0.               0.     -492.141E-06               0.
