# curve0
0.002749999985098839 1.559086399538501e-06
0.002749999985098839 1.559086399538501e-06
# curve1
0.002760000061243773 1.40960048611305e-06
0.002760000061243773 1.40960048611305e-06
# curve2
0.002769999904558063 1.288807652599644e-06
0.002769999904558063 1.288807652599644e-06
# curve3
0.002779999980702996 1.192048443954263e-06
0.002779999980702996 1.192048443954263e-06
# curve4
0.00279000005684793 1.114954898184806e-06
0.00279000005684793 1.114954898184806e-06
# curve5
0.00279999990016222 1.052887796504365e-06
0.00279999990016222 1.052887796504365e-06
# curve6
0.002809999976307154 1.001164378067187e-06
0.002809999976307154 1.001164378067187e-06
# curve7
0.002820000052452087 9.55898372012598e-07
0.002820000052452087 9.55898372012598e-07
# curve8
0.002829999895766377 9.146904744739004e-07
0.002829999895766377 9.146904744739004e-07
# curve9
0.002839999971911311 8.766430141804449e-07
0.002839999971911311 8.766430141804449e-07
# curve10
0.002850000048056245 8.416491255047731e-07
0.002850000048056245 8.416491255047731e-07
# curve11
0.002859999891370535 8.093778660622775e-07
0.002859999891370535 8.093778660622775e-07
# curve12
0.002869999967515469 7.791960570102674e-07
0.002869999967515469 7.791960570102674e-07
# curve13
0.002880000043660402 7.507597388212162e-07
0.002880000043660402 7.507597388212162e-07
# curve14
0.002889999886974692 7.239048613882915e-07
0.002889999886974692 7.239048613882915e-07
# curve15
0.002899999963119626 6.983634648349835e-07
0.002899999963119626 6.983634648349835e-07
# curve16
0.00291000003926456 6.738459319421963e-07
0.00291000003926456 6.738459319421963e-07
# curve17
0.002920000115409493 6.502924634332885e-07
0.002920000115409493 6.502924634332885e-07
# curve18
0.002929999958723783 6.278968953665753e-07
0.002929999958723783 6.278968953665753e-07
# curve19
0.002940000034868717 6.067096478545864e-07
0.002940000034868717 6.067096478545864e-07
# curve20
0.002950000111013651 5.866919536856585e-07
0.002950000111013651 5.866919536856585e-07
# curve21
0.002959999954327941 5.677854915120406e-07
0.002959999954327941 5.677854915120406e-07
# curve22
0.002970000030472875 5.49712808606273e-07
0.002970000030472875 5.49712808606273e-07
# curve23
0.002980000106617808 5.322911533767183e-07
0.002980000106617808 5.322911533767183e-07
# curve24
0.002989999949932098 5.15647684551368e-07
0.002989999949932098 5.15647684551368e-07
# curve25
0.003000000026077032 4.998423719371203e-07
0.003000000026077032 4.998423719371203e-07
# curve26
0.003010000102221966 4.847079821956868e-07
0.003010000102221966 4.847079821956868e-07
# curve27
0.003019999945536256 4.701234956883127e-07
0.003019999945536256 4.701234956883127e-07
# curve28
0.00303000002168119 4.560802437936218e-07
0.00303000002168119 4.560802437936218e-07
# curve29
0.003040000097826123 4.425477584391047e-07
0.003040000097826123 4.425477584391047e-07
# curve30
0.003049999941140413 4.293569872970693e-07
0.003049999941140413 4.293569872970693e-07
# curve31
0.003060000017285347 4.163731261996872e-07
0.003060000017285347 4.163731261996872e-07
# curve32
0.003070000093430281 4.038944041440118e-07
0.003070000093430281 4.038944041440118e-07
# curve33
0.003079999936744571 3.920970925719303e-07
0.003079999936744571 3.920970925719303e-07
# curve34
0.003090000012889504 3.805442361226596e-07
0.003090000012889504 3.805442361226596e-07
# curve35
0.003100000089034438 3.689417553687235e-07
0.003100000089034438 3.689417553687235e-07
# curve36
0.003109999932348728 3.57499118308624e-07
0.003109999932348728 3.57499118308624e-07
# curve37
0.003120000008493662 3.464116389295668e-07
0.003120000008493662 3.464116389295668e-07
# curve38
0.003130000084638596 3.354964803747862e-07
0.003130000084638596 3.354964803747862e-07
# curve39
0.003139999927952886 3.244531683321838e-07
0.003139999927952886 3.244531683321838e-07
# curve40
0.003150000004097819 3.133525297016604e-07
0.003150000004097819 3.133525297016604e-07
# curve41
0.003160000080242753 3.025362218522787e-07
0.003160000080242753 3.025362218522787e-07
# curve42
0.003169999923557043 2.921266286648461e-07
0.003169999923557043 2.921266286648461e-07
# curve43
0.003179999999701977 2.821414284426282e-07
0.003179999999701977 2.821414284426282e-07
# curve44
0.00319000007584691 2.73066689260304e-07
0.00319000007584691 2.73066689260304e-07
# curve45
0.003199999919161201 2.654805371093971e-07
0.003199999919161201 2.654805371093971e-07
# curve46
0.003209999995306134 2.5910043177646e-07
0.003209999995306134 2.5910043177646e-07
# curve47
0.003220000071451068 2.53572380870537e-07
0.003220000071451068 2.53572380870537e-07
# curve48
0.003229999914765358 2.487827259756159e-07
0.003229999914765358 2.487827259756159e-07
# curve49
0.003239999990910292 2.444011499846965e-07
0.003239999990910292 2.444011499846965e-07
# curve50
0.003250000067055225 2.402289283054415e-07
0.003250000067055225 2.402289283054415e-07
# curve51
0.003259999910369515 2.361885691470889e-07
0.003259999910369515 2.361885691470889e-07
# curve52
0.003269999986514449 2.3223559253438e-07
0.003269999986514449 2.3223559253438e-07
# curve53
0.003280000062659383 2.283568392158486e-07
0.003280000062659383 2.283568392158486e-07
# curve54
0.003289999905973673 2.245787840138291e-07
0.003289999905973673 2.245787840138291e-07
# curve55
0.003299999982118607 2.209226863669755e-07
0.003299999982118607 2.209226863669755e-07
# curve56
0.00331000005826354 2.173706974417655e-07
0.00331000005826354 2.173706974417655e-07
# curve57
0.00331999990157783 2.138684607189134e-07
0.00331999990157783 2.138684607189134e-07
# curve58
0.003329999977722764 2.103676450815328e-07
0.003329999977722764 2.103676450815328e-07
# curve59
0.003340000053867698 2.068674547217597e-07
0.003340000053867698 2.068674547217597e-07
# curve60
0.003349999897181988 2.033895043496159e-07
0.003349999897181988 2.033895043496159e-07
# curve61
0.003359999973326921 1.999407857056212e-07
0.003359999973326921 1.999407857056212e-07
# curve62
0.003370000049471855 1.965231462008887e-07
0.003370000049471855 1.965231462008887e-07
# curve63
0.003379999892786145 1.931615400962983e-07
0.003379999892786145 1.931615400962983e-07
# curve64
0.003389999968931079 1.898785058074282e-07
0.003389999968931079 1.898785058074282e-07
# curve65
0.003400000045076013 1.866632004521307e-07
0.003400000045076013 1.866632004521307e-07
# curve66
0.003409999888390303 1.835033600627867e-07
0.003409999888390303 1.835033600627867e-07
# curve67
0.003419999964535236 1.804100691060739e-07
0.003419999964535236 1.804100691060739e-07
# curve68
0.00343000004068017 1.773965578877323e-07
0.00343000004068017 1.773965578877323e-07
# curve69
0.00343999988399446 1.744381847856857e-07
0.00343999988399446 1.744381847856857e-07
# curve70
0.003449999960139394 1.715011990199855e-07
0.003449999960139394 1.715011990199855e-07
# curve71
0.003460000036284328 1.685981629861999e-07
0.003460000036284328 1.685981629861999e-07
# curve72
0.003470000112429261 1.657814578948091e-07
0.003470000112429261 1.657814578948091e-07
# curve73
0.003479999955743551 1.630865256174729e-07
0.003479999955743551 1.630865256174729e-07
# curve74
0.003490000031888485 1.60492973577675e-07
0.003490000031888485 1.60492973577675e-07
# curve75
0.003500000108033419 1.579700636966663e-07
0.003500000108033419 1.579700636966663e-07
# curve76
0.003509999951347709 1.55523181888384e-07
0.003509999951347709 1.55523181888384e-07
# curve77
0.003520000027492642 1.531674342913902e-07
0.003520000027492642 1.531674342913902e-07
# curve78
0.003530000103637576 1.509132232513366e-07
0.003530000103637576 1.509132232513366e-07
# curve79
0.003539999946951866 1.487755270090929e-07
0.003539999946951866 1.487755270090929e-07
# curve80
0.0035500000230968 1.467492722895258e-07
0.0035500000230968 1.467492722895258e-07
# curve81
0.003560000099241734 1.447992161729417e-07
0.003560000099241734 1.447992161729417e-07
# curve82
0.003569999942556024 1.428860230134887e-07
0.003569999942556024 1.428860230134887e-07
# curve83
0.003580000018700957 1.410127339340761e-07
0.003580000018700957 1.410127339340761e-07
# curve84
0.003590000094845891 1.39230678541935e-07
0.003590000094845891 1.39230678541935e-07
# curve85
0.003599999938160181 1.375644984591418e-07
0.003599999938160181 1.375644984591418e-07
# curve86
0.003610000014305115 1.359789365551478e-07
0.003610000014305115 1.359789365551478e-07
# curve87
0.003620000090450048 1.344398015135084e-07
0.003620000090450048 1.344398015135084e-07
# curve88
0.003629999933764338 1.329756287304917e-07
0.003629999933764338 1.329756287304917e-07
# curve89
0.003640000009909272 1.31604068087654e-07
0.003640000009909272 1.31604068087654e-07
# curve90
0.003650000086054206 1.302605738828788e-07
0.003650000086054206 1.302605738828788e-07
# curve91
0.003659999929368496 1.28882732042257e-07
0.003659999929368496 1.28882732042257e-07
# curve92
0.00367000000551343 1.274834033893057e-07
0.00367000000551343 1.274834033893057e-07
# curve93
0.003680000081658363 1.261053910184273e-07
0.003680000081658363 1.261053910184273e-07
# curve94
0.003689999924972653 1.247663163894686e-07
0.003689999924972653 1.247663163894686e-07
# curve95
0.003700000001117587 1.234645878867013e-07
0.003700000001117587 1.234645878867013e-07
# curve96
0.003710000077262521 1.22189860007893e-07
0.003710000077262521 1.22189860007893e-07
# curve97
0.003719999920576811 1.209384521416723e-07
0.003719999920576811 1.209384521416723e-07
# curve98
0.003729999996721745 1.197125669705201e-07
0.003729999996721745 1.197125669705201e-07
# curve99
0.003740000072866678 1.185053264407543e-07
0.003740000072866678 1.185053264407543e-07
# curve100
0.003749999916180968 1.173082821992466e-07
0.003749999916180968 1.173082821992466e-07
# curve101
0.003759999992325902 1.161242977332222e-07
0.003759999992325902 1.161242977332222e-07
# curve102
0.003770000068470836 1.149577713022154e-07
0.003770000068470836 1.149577713022154e-07
# curve103
0.003779999911785126 1.138081771046018e-07
0.003779999911785126 1.138081771046018e-07
# curve104
0.003789999987930059 1.126728932376864e-07
0.003789999987930059 1.126728932376864e-07
# curve105
0.003800000064074993 1.115486085723205e-07
0.003800000064074993 1.115486085723205e-07
# curve106
0.003809999907389283 1.104354723224787e-07
0.003809999907389283 1.104354723224787e-07
# curve107
0.003819999983534217 1.093336479129903e-07
0.003819999983534217 1.093336479129903e-07
# curve108
0.003830000059679151 1.082453167100539e-07
0.003830000059679151 1.082453167100539e-07
# curve109
0.003839999902993441 1.071712674161063e-07
0.003839999902993441 1.071712674161063e-07
# curve110
0.003849999979138374 1.06107478359263e-07
0.003849999979138374 1.06107478359263e-07
# curve111
0 -0.0004862235800828785
0 -0.0004862235800828785
# curve112
9.999999747378752e-06 -0.0004861392371822149
9.999999747378752e-06 -0.0004861392371822149
# curve113
1.99999994947575e-05 -0.0004859798063989729
1.99999994947575e-05 -0.0004859798063989729
# curve114
2.999999924213625e-05 -0.0004858475876972079
2.999999924213625e-05 -0.0004858475876972079
# curve115
3.999999898951501e-05 -0.0004857193562202156
3.999999898951501e-05 -0.0004857193562202156
# curve116
4.999999873689376e-05 -0.0004855486331507564
4.999999873689376e-05 -0.0004855486331507564
# curve117
5.999999848427251e-05 -0.0004853167047258466
5.999999848427251e-05 -0.0004853167047258466
# curve118
7.000000186963007e-05 -0.0004850223194807768
7.000000186963007e-05 -0.0004850223194807768
# curve119
7.999999797903001e-05 -0.0004846875090152025
7.999999797903001e-05 -0.0004846875090152025
# curve120
9.000000136438757e-05 -0.000484342803247273
9.000000136438757e-05 -0.000484342803247273
# curve121
9.999999747378752e-05 -0.0004839586617890745
9.999999747378752e-05 -0.0004839586617890745
# curve122
0.0001100000008591451 -0.0004835142171941698
0.0001100000008591451 -0.0004835142171941698
# curve123
0.000119999996968545 -0.0004830289981327951
0.000119999996968545 -0.0004830289981327951
# curve124
0.0001300000003539026 -0.0004825062060263008
0.0001300000003539026 -0.0004825062060263008
# curve125
0.0001400000037392601 -0.0004819511959794909
0.0001400000037392601 -0.0004819511959794909
# curve126
0.0001500000071246177 -0.0004813559062313288
0.0001500000071246177 -0.0004813559062313288
# curve127
0.00015999999595806 -0.0004806344513781369
0.00015999999595806 -0.0004806344513781369
# curve128
0.0001683359732851386 -0.0004799999878741801
0.0001683359732851386 -0.0004799999878741801
# curve129
0.0001699999993434176 -0.0004798735317308456
0.0001699999993434176 -0.0004798735317308456
# curve130
0.0001800000027287751 -0.0004791610408574343
0.0001800000027287751 -0.0004791610408574343
# curve131
0.0001900000061141327 -0.0004784078919328749
0.0001900000061141327 -0.0004784078919328749
# curve132
0.000199999994947575 -0.0004775981651619077
0.000199999994947575 -0.0004775981651619077
# curve133
0.0002099999983329326 -0.000476738263387233
0.0002099999983329326 -0.000476738263387233
# curve134
0.0002200000017182902 -0.0004758661380037665
0.0002200000017182902 -0.0004758661380037665
# curve135
0.0002300000051036477 -0.00047496278421022
0.0002300000051036477 -0.00047496278421022
# curve136
0.00023999999393709 -0.0004740112635772675
0.00023999999393709 -0.0004740112635772675
# curve137
0.0002500000118743628 -0.000473012391012162
0.0002500000118743628 -0.000473012391012162
# curve138
0.0002600000007078052 -0.000471956591354683
0.0002600000007078052 -0.000471956591354683
# curve139
0.0002699999895412475 -0.0004707811458501965
0.0002699999895412475 -0.0004707811458501965
# curve140
0.0002764184318948537 -0.0004699999990407377
0.0002764184318948537 -0.0004699999990407377
# curve141
0.0002800000074785203 -0.0004695648676715791
0.0002800000074785203 -0.0004695648676715791
# curve142
0.0002899999963119626 -0.0004683897423092276
0.0002899999963119626 -0.0004683897423092276
# curve143
0.0003000000142492354 -0.0004671652568504214
0.0003000000142492354 -0.0004671652568504214
# curve144
0.0003100000030826777 -0.0004659163532778621
0.0003100000030826777 -0.0004659163532778621
# curve145
0.0003199999919161201 -0.0004646573215723038
0.0003199999919161201 -0.0004646573215723038
# curve146
0.0003300000098533928 -0.0004633266071323305
0.0003300000098533928 -0.0004633266071323305
# curve147
0.0003399999986868352 -0.0004618949897121638
0.0003399999986868352 -0.0004618949897121638
# curve148
0.0003499999875202775 -0.000460348092019558
0.0003499999875202775 -0.000460348092019558
# curve149
0.000352212053257972 -0.0004600000102072954
0.000352212053257972 -0.0004600000102072954
# curve150
0.0003600000054575503 -0.0004587772127706558
0.0003600000054575503 -0.0004587772127706558
# curve151
0.0003699999942909926 -0.0004572262696456164
0.0003699999942909926 -0.0004572262696456164
# curve152
0.0003800000122282654 -0.0004556729691103101
0.0003800000122282654 -0.0004556729691103101
# curve153
0.0003900000010617077 -0.000454130582511425
0.0003900000010617077 -0.000454130582511425
# curve154
0.0003999999898951501 -0.0004525037365965545
0.0003999999898951501 -0.0004525037365965545
# curve155
0.0004100000078324229 -0.000450677762273699
0.0004100000078324229 -0.000450677762273699
# curve156
0.0004135961062274873 -0.0004499999922700226
0.0004135961062274873 -0.0004499999922700226
# curve157
0.0004199999966658652 -0.0004487972182687372
0.0004199999966658652 -0.0004487972182687372
# curve158
0.0004299999854993075 -0.0004469903651624918
0.0004299999854993075 -0.0004469903651624918
# curve159
0.0004400000034365803 -0.0004452457651495934
0.0004400000034365803 -0.0004452457651495934
# curve160
0.0004499999922700226 -0.0004434865841176361
0.0004499999922700226 -0.0004434865841176361
# curve161
0.0004600000102072954 -0.0004415692237671465
0.0004600000102072954 -0.0004415692237671465
# curve162
0.0004675021627917886 -0.0004400000034365803
0.0004675021627917886 -0.0004400000034365803
# curve163
0.0004699999990407377 -0.0004394784336909652
0.0004699999990407377 -0.0004394784336909652
# curve164
0.0004799999878741801 -0.0004373817937448621
0.0004799999878741801 -0.0004373817937448621
# curve165
0.0004900000058114529 -0.000435450958320871
0.0004900000058114529 -0.000435450958320871
# curve166
0.0005000000237487257 -0.0004335132543928921
0.0005000000237487257 -0.0004335132543928921
# curve167
0.0005099999834783375 -0.0004313013632781804
0.0005099999834783375 -0.0004313013632781804
# curve168
0.0005156119586899877 -0.0004299999854993075
0.0005156119586899877 -0.0004299999854993075
# curve169
0.0005200000014156103 -0.000428985949838534
0.0005200000014156103 -0.000428985949838534
# curve170
0.0005300000193528831 -0.0004267719632480294
0.0005300000193528831 -0.0004267719632480294
# curve171
0.000539999979082495 -0.0004246441822033376
0.000539999979082495 -0.0004246441822033376
# curve172
0.0005499999970197678 -0.0004224317090120167
0.0005499999970197678 -0.0004224317090120167
# curve173
0.0005596678820438683 -0.0004199999966658652
0.0005596678820438683 -0.0004199999966658652
# curve174
0.0005600000149570405 -0.0004199163522571325
0.0005600000149570405 -0.0004199163522571325
# curve175
0.0005699999746866524 -0.000417353876400739
0.0005699999746866524 -0.000417353876400739
# curve176
0.0005799999926239252 -0.0004150117165409029
0.0005799999926239252 -0.0004150117165409029
# curve177
0.000590000010561198 -0.0004126245039515197
0.000590000010561198 -0.0004126245039515197
# curve178
0.0005996412946842611 -0.0004100000078324229
0.0005996412946842611 -0.0004100000078324229
# curve179
0.0006000000284984708 -0.0004099021607544273
0.0006000000284984708 -0.0004099021607544273
# curve180
0.0006099999882280827 -0.0004071492294315249
0.0006099999882280827 -0.0004071492294315249
# curve181
0.0006200000061653554 -0.0004046352987643331
0.0006200000061653554 -0.0004046352987643331
# curve182
0.0006300000241026282 -0.0004020609776489437
0.0006300000241026282 -0.0004020609776489437
# curve183
0.0006371078779920936 -0.0003999999898951501
0.0006371078779920936 -0.0003999999898951501
# curve184
0.0006399999838322401 -0.0003991606063209474
0.0006399999838322401 -0.0003991606063209474
# curve185
0.0006500000017695129 -0.000396328599890694
0.0006500000017695129 -0.000396328599890694
# curve186
0.0006600000197067857 -0.000393669557524845
0.0006600000197067857 -0.000393669557524845
# curve187
0.0006699999794363976 -0.0003907080099452287
0.0006699999794363976 -0.0003907080099452287
# curve188
0.0006722979596816003 -0.0003900000010617077
0.0006722979596816003 -0.0003900000010617077
# curve189
0.0006799999973736703 -0.0003876401460729539
0.0006799999973736703 -0.0003876401460729539
# curve190
0.0006900000153109431 -0.000384843850042671
0.0006900000153109431 -0.000384843850042671
# curve191
0.000699999975040555 -0.0003818311670329422
0.000699999975040555 -0.0003818311670329422
# curve192
0.0007056609028950334 -0.0003800000122282654
0.0007056609028950334 -0.0003800000122282654
# curve193
0.0007099999929778278 -0.0003786002926062793
0.0007099999929778278 -0.0003786002926062793
# curve194
0.0007200000109151006 -0.0003756506193894893
0.0007200000109151006 -0.0003756506193894893
# curve195
0.0007300000288523734 -0.0003726712602656335
0.0007300000288523734 -0.0003726712602656335
# curve196
0.0007378885056823492 -0.0003699999942909926
0.0007378885056823492 -0.0003699999942909926
# curve197
0.0007399999885819852 -0.0003692832251545042
0.0007399999885819852 -0.0003692832251545042
# curve198
0.000750000006519258 -0.0003659884387161583
0.000750000006519258 -0.0003659884387161583
# curve199
0.000750000006519258 -0.0003659884387161583
0.000750000006519258 -0.0003659884387161583
# curve200
0.0007600000244565308 -0.0003628426929935813
0.0007600000244565308 -0.0003628426929935813
# curve201
0.0007680791313759983 -0.0003600000054575503
0.0007680791313759983 -0.0003600000054575503
# curve202
0.0007699999841861427 -0.0003593219444155693
0.0007699999841861427 -0.0003593219444155693
# curve203
0.0007800000021234155 -0.0003558883909136057
0.0007800000021234155 -0.0003558883909136057
# curve204
0.0007900000200606883 -0.0003526113287080079
0.0007900000200606883 -0.0003526113287080079
# curve205
0.000797176209744066 -0.0003499999875202775
0.000797176209744066 -0.0003499999875202775
# curve206
0.0007999999797903001 -0.000348968431353569
0.0007999999797903001 -0.000348968431353569
# curve207
0.0008099999977275729 -0.0003453922981861979
0.0008099999977275729 -0.0003453922981861979
# curve208
0.0008200000156648457 -0.0003417809493839741
0.0008200000156648457 -0.0003417809493839741
# curve209
0.0008247066871263087 -0.0003399999986868352
0.0008247066871263087 -0.0003399999986868352
# curve210
0.0008299999753944576 -0.0003380023699719459
0.0008299999753944576 -0.0003380023699719459
# curve211
0.0008399999933317304 -0.0003344864235259593
0.0008399999933317304 -0.0003344864235259593
# curve212
0.0008500000112690032 -0.0003307034203317016
0.0008500000112690032 -0.0003307034203317016
# curve213
0.000851813645567745 -0.0003300000098533928
0.000851813645567745 -0.0003300000098533928
# curve214
0.000859999970998615 -0.0003268298169132322
0.000859999970998615 -0.0003268298169132322
# curve215
0.0008699999889358878 -0.0003231757727917284
0.0008699999889358878 -0.0003231757727917284
# curve216
0.0008779092459008098 -0.0003199999919161201
0.0008779092459008098 -0.0003199999919161201
# curve217
0.0008800000068731606 -0.0003191564755979925
0.0008800000068731606 -0.0003191564755979925
# curve218
0.0008900000248104334 -0.0003151625860482454
0.0008900000248104334 -0.0003151625860482454
# curve219
0.0008999999845400453 -0.0003111141559202224
0.0008999999845400453 -0.0003111141559202224
# curve220
0.0009027135092765093 -0.0003100000030826777
0.0009027135092765093 -0.0003100000030826777
# curve221
0.000910000002477318 -0.0003070120874326676
0.000910000002477318 -0.0003070120874326676
# curve222
0.0009200000204145908 -0.000303115084534511
0.0009200000204145908 -0.000303115084534511
# curve223
0.0009273105533793569 -0.0003000000142492354
0.0009273105533793569 -0.0003000000142492354
# curve224
0.0009299999801442027 -0.0002988474734593183
0.0009299999801442027 -0.0002988474734593183
# curve225
0.0009399999980814755 -0.0002946102467831224
0.0009399999980814755 -0.0002946102467831224
# curve226
0.0009500000160187483 -0.0002902971755247563
0.0009500000160187483 -0.0002902971755247563
# curve227
0.0009506830247119069 -0.0002899999963119626
0.0009506830247119069 -0.0002899999963119626
# curve228
0.0009599999757483602 -0.0002859602391254157
0.0009599999757483602 -0.0002859602391254157
# curve229
0.0009699999936856329 -0.0002816037740558386
0.0009699999936856329 -0.0002816037740558386
# curve230
0.0009735868661664426 -0.0002800000074785203
0.0009735868661664426 -0.0002800000074785203
# curve231
0.0009800000116229057 -0.0002771199215203524
0.0009800000116229057 -0.0002771199215203524
# curve232
0.0009899999713525176 -0.0002726231759879738
0.0009899999713525176 -0.0002726231759879738
# curve233
0.0009956380818039179 -0.0002699999895412475
0.0009956380818039179 -0.0002699999895412475
# curve234
0.001000000047497451 -0.0002679813478607684
0.001000000047497451 -0.0002679813478607684
# curve235
0.001010000007227063 -0.0002635634155012667
0.001010000007227063 -0.0002635634155012667
# curve236
0.001017643953673542 -0.0002600000007078052
0.001017643953673542 -0.0002600000007078052
# curve237
0.001019999966956675 -0.0002588902716524899
0.001019999966956675 -0.0002588902716524899
# curve238
0.001030000043101609 -0.0002541652647778392
0.001030000043101609 -0.0002541652647778392
# curve239
0.001038708724081516 -0.0002500000118743628
0.001038708724081516 -0.0002500000118743628
# curve240
0.001040000002831221 -0.0002493784704711288
0.001040000002831221 -0.0002493784704711288
# curve241
0.001049999962560833 -0.0002445786958560348
0.001049999962560833 -0.0002445786958560348
# curve242
0.001059356960467994 -0.00023999999393709
0.001059356960467994 -0.00023999999393709
# curve243
0.001060000038705766 -0.000239682529354468
0.001060000038705766 -0.000239682529354468
# curve244
0.001069999998435378 -0.0002347464323975146
0.001069999998435378 -0.0002347464323975146
# curve245
0.001079479698091745 -0.0002300000051036477
0.001079479698091745 -0.0002300000051036477
# curve246
0.00107999995816499 -0.0002297371684107929
0.00107999995816499 -0.0002297371684107929
# curve247
0.001090000034309924 -0.0002246853546239436
0.001090000034309924 -0.0002246853546239436
# curve248
0.001099136308766901 -0.0002200000017182902
0.001099136308766901 -0.0002200000017182902
# curve249
0.001099999994039536 -0.0002195526467403397
0.001099999994039536 -0.0002195526467403397
# curve250
0.001109999953769147 -0.0002143577730748802
0.001109999953769147 -0.0002143577730748802
# curve251
0.001118341344408691 -0.0002099999983329326
0.001118341344408691 -0.0002099999983329326
# curve252
0.001120000029914081 -0.0002091251226374879
0.001120000029914081 -0.0002091251226374879
# curve253
0.001129999989643693 -0.0002038587990682572
0.001129999989643693 -0.0002038587990682572
# curve254
0.001137261861003935 -0.000199999994947575
0.001137261861003935 -0.000199999994947575
# curve255
0.001139999949373305 -0.0001985233247978613
0.001139999949373305 -0.0001985233247978613
# curve256
0.001150000025518239 -0.0001929274294525385
0.001150000025518239 -0.0001929274294525385
# curve257
0.001155451871454716 -0.0001900000061141327
0.001155451871454716 -0.0001900000061141327
# curve258
0.00115999998524785 -0.0001875465386547148
0.00115999998524785 -0.0001875465386547148
# curve259
0.001169999944977462 -0.0001819093595258892
0.001169999944977462 -0.0001819093595258892
# curve260
0.001173414755612612 -0.0001800000027287751
0.001173414755612612 -0.0001800000027287751
# curve261
0.001180000021122396 -0.0001763562031555921
0.001180000021122396 -0.0001763562031555921
# curve262
0.001189999980852008 -0.0001707252522464842
0.001189999980852008 -0.0001707252522464842
# curve263
0.001191264134831727 -0.0001699999993434176
0.001191264134831727 -0.0001699999993434176
# curve264
0.001200000056996942 -0.0001649916666792706
0.001200000056996942 -0.0001649916666792706
# curve265
0.001208639820106328 -0.00015999999595806
0.001208639820106328 -0.00015999999595806
# curve266
0.001210000016726553 -0.0001592034677742049
0.001210000016726553 -0.0001592034677742049
# curve267
0.001219999976456165 -0.0001531984598841518
0.001219999976456165 -0.0001531984598841518
# curve268
0.001225599902682006 -0.0001500000071246177
0.001225599902682006 -0.0001500000071246177
# curve269
0.001230000052601099 -0.0001474800956202671
0.001230000052601099 -0.0001474800956202671
# curve270
0.001240000012330711 -0.0001414326397934929
0.001240000012330711 -0.0001414326397934929
# curve271
0.001242339727468789 -0.0001400000037392601
0.001242339727468789 -0.0001400000037392601
# curve272
0.001249999972060323 -0.0001353336992906407
0.001249999972060323 -0.0001353336992906407
# curve273
0.001258807838894427 -0.0001300000003539026
0.001258807838894427 -0.0001300000003539026
# curve274
0.001260000048205256 -0.0001292673114221543
0.001260000048205256 -0.0001292673114221543
# curve275
0.001270000007934868 -0.0001229115150636062
0.001270000007934868 -0.0001229115150636062
# curve276
0.001274762558750808 -0.000119999996968545
0.001274762558750808 -0.000119999996968545
# curve277
0.00127999996766448 -0.0001168014714494348
0.00127999996766448 -0.0001168014714494348
# curve278
0.001290000043809414 -0.0001104334878618829
0.001290000043809414 -0.0001104334878618829
# curve279
0.001290669548325241 -0.0001100000008591451
0.001290669548325241 -0.0001100000008591451
# curve280
0.001300000003539026 -0.000103978585684672
0.001300000003539026 -0.000103978585684672
# curve281
0.001306403311900795 -9.999999747378752e-05
0.001306403311900795 -9.999999747378752e-05
# curve282
0.001309999963268638 -9.773574129212648e-05
0.001309999963268638 -9.773574129212648e-05
# curve283
0.001320000039413571 -9.100436000153422e-05
0.001320000039413571 -9.100436000153422e-05
# curve284
0.001321482937783003 -9.000000136438757e-05
0.001321482937783003 -9.000000136438757e-05
# curve285
0.001329999999143183 -8.429193985648453e-05
0.001329999999143183 -8.429193985648453e-05
# curve286
0.001336679910309613 -7.999999797903001e-05
0.001336679910309613 -7.999999797903001e-05
# curve287
0.001339999958872795 -7.783966429997236e-05
0.001339999958872795 -7.783966429997236e-05
# curve288
0.001350000035017729 -7.092920714057982e-05
0.001350000035017729 -7.092920714057982e-05
# curve289
0.00135131471324712 -7.000000186963007e-05
0.00135131471324712 -7.000000186963007e-05
# curve290
0.001359999994747341 -6.390568887582049e-05
0.001359999994747341 -6.390568887582049e-05
# curve291
0.001365800853818655 -5.999999848427251e-05
0.001365800853818655 -5.999999848427251e-05
# curve292
0.001369999954476953 -5.716699160984717e-05
0.001369999954476953 -5.716699160984717e-05
# curve293
0.001380000030621886 -5.018705269321799e-05
0.001380000030621886 -5.018705269321799e-05
# curve294
0.0013802609173581 -4.999999873689376e-05
0.0013802609173581 -4.999999873689376e-05
# curve295
0.001389999990351498 -4.299473948776722e-05
0.001389999990351498 -4.299473948776722e-05
# curve296
0.001394241000525653 -3.999999898951501e-05
0.001394241000525653 -3.999999898951501e-05
# curve297
0.00139999995008111 -3.592311986722052e-05
0.00139999995008111 -3.592311986722052e-05
# curve298
0.001408276846632361 -2.999999924213625e-05
0.001408276846632361 -2.999999924213625e-05
# curve299
0.001410000026226044 -2.875128666346427e-05
0.001410000026226044 -2.875128666346427e-05
# curve300
0.001419999985955656 -2.137618866981938e-05
0.001419999985955656 -2.137618866981938e-05
# curve301
0.001421854714863002 -1.99999994947575e-05
0.001421854714863002 -1.99999994947575e-05
# curve302
0.001429999945685267 -1.394222636008635e-05
0.001429999945685267 -1.394222636008635e-05
# curve303
0.001435279380530119 -9.999999747378752e-06
0.001435279380530119 -9.999999747378752e-06
# curve304
0.001440000021830201 -6.45913087282679e-06
0.001440000021830201 -6.45913087282679e-06
# curve305
0.001448560506105423 0
0.001448560506105423 0
# curve306
0.001449999981559813 1.092766410693002e-06
0.001449999981559813 1.092766410693002e-06
# curve307
0.001460000057704747 8.759034244576469e-06
0.001460000057704747 8.759034244576469e-06
# curve308
0.001461607054807246 9.999999747378752e-06
0.001461607054807246 9.999999747378752e-06
# curve309
0.001470000017434359 1.65076653502183e-05
0.001470000017434359 1.65076653502183e-05
# curve310
0.00147447781637311 1.99999994947575e-05
0.00147447781637311 1.99999994947575e-05
# curve311
0.00147999997716397 2.432997098367196e-05
0.00147999997716397 2.432997098367196e-05
# curve312
0.001487178611569107 2.999999924213625e-05
0.001487178611569107 2.999999924213625e-05
# curve313
0.001490000053308904 3.223752355552278e-05
0.001490000053308904 3.223752355552278e-05
# curve314
0.001499723759479821 3.999999898951501e-05
0.001499723759479821 3.999999898951501e-05
# curve315
0.001500000013038516 4.022125358460471e-05
0.001500000013038516 4.022125358460471e-05
# curve316
0.001509999972768128 4.826192889595404e-05
0.001509999972768128 4.826192889595404e-05
# curve317
0.001512147602625191 4.999999873689376e-05
0.001512147602625191 4.999999873689376e-05
# curve318
0.001520000048913062 5.639919254463166e-05
0.001520000048913062 5.639919254463166e-05
# curve319
0.001524384832009673 5.999999848427251e-05
0.001524384832009673 5.999999848427251e-05
# curve320
0.001530000008642673 6.463395402533934e-05
0.001530000008642673 6.463395402533934e-05
# curve321
0.001536462572403252 7.000000186963007e-05
0.001536462572403252 7.000000186963007e-05
# curve322
0.001539999968372285 7.29508901713416e-05
0.001539999968372285 7.29508901713416e-05
# curve323
0.00154839816968888 7.999999797903001e-05
0.00154839816968888 7.999999797903001e-05
# curve324
0.001550000044517219 8.135206735460088e-05
0.001550000044517219 8.135206735460088e-05
# curve325
0.003849999979138374 1.06107478359263e-07
0.003849999979138374 1.06107478359263e-07
# curve326
0.003860000055283308 1.050528197765743e-07
0.003860000055283308 1.050528197765743e-07
# curve327
0.003869999898597598 1.040161023979636e-07
0.003869999898597598 1.040161023979636e-07
# curve328
0.003879999974742532 1.030053127237807e-07
0.003879999974742532 1.030053127237807e-07
# curve329
0.003890000050887465 1.02017715164493e-07
0.003890000050887465 1.02017715164493e-07
# curve330
0.003899999894201756 1.010482790775313e-07
0.003899999894201756 1.010482790775313e-07
# curve331
0.003909999970346689 1.000915403892577e-07
0.003909999970346689 1.000915403892577e-07
# curve332
0.003920000046491623 9.914343479522358e-08
0.003920000046491623 9.914343479522358e-08
# curve333
0.003930000122636557 9.819843427294472e-08
0.003930000122636557 9.819843427294472e-08
# curve334
0.00394000019878149 9.725525984549677e-08
0.00394000019878149 9.725525984549677e-08
# curve335
0.003949999809265137 9.631990849356953e-08
0.003949999809265137 9.631990849356953e-08
# curve336
0.00395999988541007 9.539597556340595e-08
0.00395999988541007 9.539597556340595e-08
# curve337
0.003969999961555004 9.448342552786926e-08
0.003969999961555004 9.448342552786926e-08
# curve338
0.003980000037699938 9.358441133144879e-08
0.003980000037699938 9.358441133144879e-08
# curve339
0.003990000113844872 9.27011711837622e-08
0.003990000113844872 9.27011711837622e-08
# curve340
0.004000000189989805 9.183496274545178e-08
0.004000000189989805 9.183496274545178e-08
# curve341
0.004009999800473452 9.098911846194824e-08
0.004009999800473452 9.098911846194824e-08
# curve342
0.004019999876618385 9.016744684231526e-08
0.004019999876618385 9.016744684231526e-08
# curve343
0.004029999952763319 8.937126949604135e-08
0.004029999952763319 8.937126949604135e-08
# curve344
0.004040000028908253 8.859628763957517e-08
0.004040000028908253 8.859628763957517e-08
# curve345
0.004050000105053186 8.783236182807741e-08
0.004050000105053186 8.783236182807741e-08
# curve346
0.00406000018119812 8.707471721436377e-08
0.00406000018119812 8.707471721436377e-08
# curve347
0.004069999791681767 8.632673598185647e-08
0.004069999791681767 8.632673598185647e-08
# curve348
0.0040799998678267 8.558787101264898e-08
0.0040799998678267 8.558787101264898e-08
# curve349
0.004089999943971634 8.485582014827742e-08
0.004089999943971634 8.485582014827742e-08
# curve350
0.004100000020116568 8.41334824031037e-08
0.004100000020116568 8.41334824031037e-08
# curve351
0.004110000096261501 8.342495760871316e-08
0.004110000096261501 8.342495760871316e-08
# curve352
0.004120000172406435 8.272508011941682e-08
0.004120000172406435 8.272508011941682e-08
# curve353
0.004129999782890081 8.202898982290208e-08
0.004129999782890081 8.202898982290208e-08
# curve354
0.004139999859035015 8.134280449212383e-08
0.004139999859035015 8.134280449212383e-08
# curve355
0.004149999935179949 8.066787415828003e-08
0.004149999935179949 8.066787415828003e-08
# curve356
0.004160000011324883 8.000416329423388e-08
0.004160000011324883 8.000416329423388e-08
# curve357
0.004170000087469816 7.93539811638766e-08
0.004170000087469816 7.93539811638766e-08
# curve358
0.00418000016361475 7.871391005664918e-08
0.00418000016361475 7.871391005664918e-08
# curve359
0.004189999774098396 7.807999935494081e-08
0.004189999774098396 7.807999935494081e-08
# curve360
0.00419999985024333 7.744997532199704e-08
0.00419999985024333 7.744997532199704e-08
# curve361
0.004209999926388264 7.682302083367176e-08
0.004209999926388264 7.682302083367176e-08
# curve362
0.004220000002533197 7.619722453000577e-08
0.004220000002533197 7.619722453000577e-08
# curve363
0.004230000078678131 7.557624570608823e-08
0.004230000078678131 7.557624570608823e-08
# curve364
0.004240000154823065 7.496500842307796e-08
0.004240000154823065 7.496500842307796e-08
# curve365
0.004250000230967999 7.436005944327917e-08
0.004250000230967999 7.436005944327917e-08
# curve366
0.004259999841451645 7.375903976480913e-08
0.004259999841451645 7.375903976480913e-08
# curve367
0.004269999917596579 7.315893668646822e-08
0.004269999917596579 7.315893668646822e-08
# curve368
0.004279999993741512 7.255403033923358e-08
0.004279999993741512 7.255403033923358e-08
# curve369
0.004290000069886446 7.194550732947391e-08
0.004290000069886446 7.194550732947391e-08
# curve370
0.00430000014603138 7.13337584556939e-08
0.00430000014603138 7.13337584556939e-08
# curve371
0.004310000222176313 7.071553653759111e-08
0.004310000222176313 7.071553653759111e-08
# curve372
0.00431999983265996 7.009760594200998e-08
0.00431999983265996 7.009760594200998e-08
# curve373
0.004329999908804893 6.947954034330905e-08
0.004329999908804893 6.947954034330905e-08
# curve374
0.004339999984949827 6.885748859986052e-08
0.004339999984949827 6.885748859986052e-08
# curve375
0.004350000061094761 6.823810849709844e-08
0.004350000061094761 6.823810849709844e-08
# curve376
0.004360000137239695 6.762235926771609e-08
0.004360000137239695 6.762235926771609e-08
# curve377
0.004370000213384628 6.700719978880443e-08
0.004370000213384628 6.700719978880443e-08
# curve378
0.004379999823868275 6.639243821382479e-08
0.004379999823868275 6.639243821382479e-08
# curve379
0.004389999900013208 6.577667477358773e-08
0.004389999900013208 6.577667477358773e-08
# curve380
0.004399999976158142 6.515608674817486e-08
0.004399999976158142 6.515608674817486e-08
# curve381
0.004410000052303076 6.452489742514445e-08
0.004410000052303076 6.452489742514445e-08
# curve382
0.004420000128448009 6.387948303654412e-08
0.004420000128448009 6.387948303654412e-08
# curve383
0.004430000204592943 6.32138394962567e-08
0.004430000204592943 6.32138394962567e-08
# curve384
0.00443999981507659 6.252632545056258e-08
0.00443999981507659 6.252632545056258e-08
# curve385
0.004449999891221523 6.182639111784738e-08
0.004449999891221523 6.182639111784738e-08
# curve386
0.004459999967366457 6.111710604272957e-08
0.004459999967366457 6.111710604272957e-08
# curve387
0.004470000043511391 6.039638122956603e-08
0.004470000043511391 6.039638122956603e-08
# curve388
0.004480000119656324 5.967380900528951e-08
0.004480000119656324 5.967380900528951e-08
# curve389
0.004490000195801258 5.895732968497214e-08
0.004490000195801258 5.895732968497214e-08
# curve390
0.004499999806284904 5.824345450378132e-08
0.004499999806284904 5.824345450378132e-08
# curve391
0.004509999882429838 5.753152976240017e-08
0.004509999882429838 5.753152976240017e-08
# curve392
0.004519999958574772 5.682987236355075e-08
0.004519999958574772 5.682987236355075e-08
# curve393
0.004530000034719706 5.614154474642419e-08
0.004530000034719706 5.614154474642419e-08
# curve394
0.004540000110864639 5.545825487729417e-08
0.004540000110864639 5.545825487729417e-08
# curve395
0.004550000187009573 5.477507514228819e-08
0.004550000187009573 5.477507514228819e-08
# curve396
0.004559999797493219 5.408363890069268e-08
0.004559999797493219 5.408363890069268e-08
# curve397
0.004569999873638153 5.338914021990604e-08
0.004569999873638153 5.338914021990604e-08
# curve398
0.004579999949783087 5.271278169516336e-08
0.004579999949783087 5.271278169516336e-08
# curve399
0.00459000002592802 5.206022635206864e-08
0.00459000002592802 5.206022635206864e-08
# curve400
0.004600000102072954 5.141882652992535e-08
0.004600000102072954 5.141882652992535e-08
# curve401
0.004610000178217888 5.07774551294915e-08
0.004610000178217888 5.07774551294915e-08
# curve402
0.004619999788701534 5.013859194491488e-08
0.004619999788701534 5.013859194491488e-08
# curve403
0.004629999864846468 4.950535981151916e-08
0.004629999864846468 4.950535981151916e-08
# curve404
0.004639999940991402 4.887393600938594e-08
0.004639999940991402 4.887393600938594e-08
# curve405
0.004650000017136335 4.824001820225021e-08
0.004650000017136335 4.824001820225021e-08
# curve406
0.004660000093281269 4.760476102205757e-08
0.004660000093281269 4.760476102205757e-08
# curve407
0.004670000169426203 4.697375999285214e-08
0.004670000169426203 4.697375999285214e-08
# curve408
0.004679999779909849 4.635264261310112e-08
0.004679999779909849 4.635264261310112e-08
# curve409
0.004689999856054783 4.57478996906957e-08
0.004689999856054783 4.57478996906957e-08
# curve410
0.004699999932199717 4.515774776336912e-08
0.004699999932199717 4.515774776336912e-08
# curve411
0.00471000000834465 4.457732671880876e-08
0.00471000000834465 4.457732671880876e-08
# curve412
0.004720000084489584 4.401483266747164e-08
0.004720000084489584 4.401483266747164e-08
# curve413
0.004730000160634518 4.347029758378085e-08
0.004730000160634518 4.347029758378085e-08
# curve414
0.004739999771118164 4.292943245332026e-08
0.004739999771118164 4.292943245332026e-08
# curve415
0.004749999847263098 4.238874495854361e-08
0.004749999847263098 4.238874495854361e-08
# curve416
0.004759999923408031 4.185762136899029e-08
0.004759999923408031 4.185762136899029e-08
# curve417
0.004769999999552965 4.134941633537892e-08
0.004769999999552965 4.134941633537892e-08
# curve418
0.004780000075697899 4.086246718770781e-08
0.004780000075697899 4.086246718770781e-08
# curve419
0.004790000151842833 4.037997669570359e-08
0.004790000151842833 4.037997669570359e-08
# curve420
0.004800000227987766 3.98998274420137e-08
0.004800000227987766 3.98998274420137e-08
# curve421
0.004809999838471413 3.943556592389541e-08
0.004809999838471413 3.943556592389541e-08
# curve422
0.004819999914616346 3.899603484569525e-08
0.004819999914616346 3.899603484569525e-08
# curve423
0.00482999999076128 3.858571062664851e-08
0.00482999999076128 3.858571062664851e-08
# curve424
0.004840000066906214 3.820409588684015e-08
0.004840000066906214 3.820409588684015e-08
# curve425
0.004850000143051147 3.784924018646052e-08
0.004850000143051147 3.784924018646052e-08
# curve426
0.004860000219196081 3.752902699716287e-08
0.004860000219196081 3.752902699716287e-08
# curve427
0.004869999829679728 3.72497090950219e-08
0.004869999829679728 3.72497090950219e-08
# curve428
0.004879999905824661 3.700965223174535e-08
0.004879999905824661 3.700965223174535e-08
# curve429
0.004889999981969595 3.680963800434256e-08
0.004889999981969595 3.680963800434256e-08
# curve430
0.004900000058114529 3.665572734234956e-08
0.004900000058114529 3.665572734234956e-08
# curve431
0.004910000134259462 3.65383954203935e-08
0.004910000134259462 3.65383954203935e-08
# curve432
0.004920000210404396 3.642356816158099e-08
0.004920000210404396 3.642356816158099e-08
# curve433
0.004929999820888042 3.62532830422424e-08
0.004929999820888042 3.62532830422424e-08
# curve434
0.004939999897032976 3.605819642871211e-08
0.004939999897032976 3.605819642871211e-08
# curve435
0.00494999997317791 3.616180777044065e-08
0.00494999997317791 3.616180777044065e-08
# curve436
0.004960000049322844 3.702599116195415e-08
0.004960000049322844 3.702599116195415e-08
# curve437
0.004970000125467777 3.814293236814592e-08
0.004970000125467777 3.814293236814592e-08
# curve438
0.004980000201612711 3.599636855255994e-08
0.004980000201612711 3.599636855255994e-08
# curve439
0.004989999812096357 2.654253350442559e-08
0.004989999812096357 2.654253350442559e-08
# curve440
0.004999999888241291 1.967905127742142e-08
0.004999999888241291 1.967905127742142e-08
# curve441
0.002600000007078052 9.881325240712613e-06
0.002600000007078052 9.881325240712613e-06
# curve442
0.002598787192255259 9.999999747378752e-06
0.002598787192255259 9.999999747378752e-06
# curve443
0.002610000083222985 8.962111678556539e-06
0.002610000083222985 8.962111678556539e-06
# curve444
0.002619999926537275 8.096617420960683e-06
0.002619999926537275 8.096617420960683e-06
# curve445
0.002630000002682209 7.280625140992925e-06
0.002630000002682209 7.280625140992925e-06
# curve446
0.002640000078827143 6.512704658234725e-06
0.002640000078827143 6.512704658234725e-06
# curve447
0.002649999922141433 5.788706857856596e-06
0.002649999922141433 5.788706857856596e-06
# curve448
0.002659999998286366 5.114046416565543e-06
0.002659999998286366 5.114046416565543e-06
# curve449
0.0026700000744313 4.466585778573062e-06
0.0026700000744313 4.466585778573062e-06
# curve450
0.00267999991774559 3.866216047754278e-06
0.00267999991774559 3.866216047754278e-06
# curve451
0.002689999993890524 3.359537458891282e-06
0.002689999993890524 3.359537458891282e-06
# curve452
0.002700000070035458 2.925304897871683e-06
0.002700000070035458 2.925304897871683e-06
# curve453
0.002709999913349748 2.552461182858679e-06
0.002709999913349748 2.552461182858679e-06
# curve454
0.002719999989494681 2.234316752947052e-06
0.002719999989494681 2.234316752947052e-06
# curve455
0.002730000065639615 1.965990577446064e-06
0.002730000065639615 1.965990577446064e-06
# curve456
0.002739999908953905 1.742661652315292e-06
0.002739999908953905 1.742661652315292e-06
# curve457
0.002749999985098839 1.559086399538501e-06
0.002749999985098839 1.559086399538501e-06
# curve458
0.002520000096410513 1.948391582118347e-05
0.002520000096410513 1.948391582118347e-05
# curve459
0.002516367239877582 1.99999994947575e-05
0.002516367239877582 1.99999994947575e-05
# curve460
0.002529999939724803 1.811343463486992e-05
0.002529999939724803 1.811343463486992e-05
# curve461
0.002540000015869737 1.678344415267929e-05
0.002540000015869737 1.678344415267929e-05
# curve462
0.00255000009201467 1.549498301756103e-05
0.00255000009201467 1.549498301756103e-05
# curve463
0.00255999993532896 1.423991670890246e-05
0.00255999993532896 1.423991670890246e-05
# curve464
0.002570000011473894 1.303237695537973e-05
0.002570000011473894 1.303237695537973e-05
# curve465
0.002580000087618828 1.190942839457421e-05
0.002580000087618828 1.190942839457421e-05
# curve466
0.002589999930933118 1.086146858142456e-05
0.002589999930933118 1.086146858142456e-05
# curve467
0.002460000105202198 2.88029623334296e-05
0.002460000105202198 2.88029623334296e-05
# curve468
0.002453008433803916 2.999999924213625e-05
0.002453008433803916 2.999999924213625e-05
# curve469
0.002469999948516488 2.713587309699506e-05
0.002469999948516488 2.713587309699506e-05
# curve470
0.002480000024661422 2.551778743509203e-05
0.002480000024661422 2.551778743509203e-05
# curve471
0.002490000100806355 2.393476461293176e-05
0.002490000100806355 2.393476461293176e-05
# curve472
0.002499999944120646 2.238826527900528e-05
0.002499999944120646 2.238826527900528e-05
# curve473
0.002510000020265579 2.090628549922258e-05
0.002510000020265579 2.090628549922258e-05
# curve474
0.002400000113993883 3.978840686613694e-05
0.002400000113993883 3.978840686613694e-05
# curve475
0.002398935612291098 3.999999898951501e-05
0.002398935612291098 3.999999898951501e-05
# curve476
0.002409999957308173 3.784581713262014e-05
0.002409999957308173 3.784581713262014e-05
# curve477
0.002420000033453107 3.594664303818718e-05
0.002420000033453107 3.594664303818718e-05
# curve478
0.002430000109598041 3.409361306694336e-05
0.002430000109598041 3.409361306694336e-05
# curve479
0.002439999952912331 3.228061177651398e-05
0.002439999952912331 3.228061177651398e-05
# curve480
0.002450000029057264 3.051583735214081e-05
0.002450000029057264 3.051583735214081e-05
# curve481
0.002360000042244792 4.800616079592146e-05
0.002360000042244792 4.800616079592146e-05
# curve482
0.002350798808038235 4.999999873689376e-05
0.002350798808038235 4.999999873689376e-05
# curve483
0.002369999885559082 4.589085074258037e-05
0.002369999885559082 4.589085074258037e-05
# curve484
0.002379999961704016 4.381768303574063e-05
0.002379999961704016 4.381768303574063e-05
# curve485
0.002390000037848949 4.177870505372994e-05
0.002390000037848949 4.177870505372994e-05
# curve486
0.002309999894350767 5.928621249040589e-05
0.002309999894350767 5.928621249040589e-05
# curve487
0.00230702105909586 5.999999848427251e-05
0.00230702105909586 5.999999848427251e-05
# curve488
0.002319999970495701 5.693772618542425e-05
0.002319999970495701 5.693772618542425e-05
# curve489
0.002330000046640635 5.464239075081423e-05
0.002330000046640635 5.464239075081423e-05
# curve490
0.002339999889954925 5.23896305821836e-05
0.002339999889954925 5.23896305821836e-05
# curve491
0.002349999966099858 5.017336297896691e-05
0.002349999966099858 5.017336297896691e-05
# curve492
0.00227000005543232 6.915266567375511e-05
0.00227000005543232 6.915266567375511e-05
# curve493
0.002266730414703488 7.000000186963007e-05
0.002266730414703488 7.000000186963007e-05
# curve494
0.00227999989874661 6.661138468189165e-05
0.00227999989874661 6.661138468189165e-05
# curve495
0.002289999974891543 6.412567017832771e-05
0.002289999974891543 6.412567017832771e-05
# curve496
0.002300000051036477 6.168530671857297e-05
0.002300000051036477 6.168530671857297e-05
# curve497
0.002229999983683228 7.981555245351046e-05
0.002229999983683228 7.981555245351046e-05
# curve498
0.002229341072961688 7.999999797903001e-05
0.002229341072961688 7.999999797903001e-05
# curve499
0.002240000059828162 7.706880569458008e-05
0.002240000059828162 7.706880569458008e-05
# curve500
0.002249999903142452 7.438349712174386e-05
0.002249999903142452 7.438349712174386e-05
# curve501
0.002259999979287386 7.17476723366417e-05
0.002259999979287386 7.17476723366417e-05
# curve502
0.001550000044517219 8.135206735460088e-05
0.001550000044517219 8.135206735460088e-05
# curve503
0.001560000004246831 8.986072498373687e-05
0.001560000004246831 8.986072498373687e-05
# curve504
0.001560162869282067 9.000000136438757e-05
0.001560162869282067 9.000000136438757e-05
# curve505
0.002199999988079071 8.837792847771198e-05
0.002199999988079071 8.837792847771198e-05
# curve506
0.002194542670622468 9.000000136438757e-05
0.002194542670622468 9.000000136438757e-05
# curve507
0.002210000064224005 8.547136530978605e-05
0.002210000064224005 8.547136530978605e-05
# curve508
0.002219999907538295 8.262054325314239e-05
0.002219999907538295 8.262054325314239e-05
# curve509
0.001569999963976443 9.84518337645568e-05
0.001569999963976443 9.84518337645568e-05
# curve510
0.001571792527101934 9.999999747378752e-05
0.001571792527101934 9.999999747378752e-05
# curve511
0.002169999992474914 9.745711577124894e-05
0.002169999992474914 9.745711577124894e-05
# curve512
0.002161920536309481 9.999999747378752e-05
0.002161920536309481 9.999999747378752e-05
# curve513
0.002180000068619847 9.437670087208971e-05
0.002180000068619847 9.437670087208971e-05
# curve514
0.002189999911934137 9.135338041232899e-05
0.002189999911934137 9.135338041232899e-05
# curve515
0.001580000040121377 0.0001071323567884974
0.001580000040121377 0.0001071323567884974
# curve516
0.001583277946338058 0.0001100000008591451
0.001583277946338058 0.0001100000008591451
# curve517
0.002139999996870756 0.000107068924990017
0.002139999996870756 0.000107068924990017
# curve518
0.002131193410605192 0.0001100000008591451
0.002131193410605192 0.0001100000008591451
# curve519
0.00215000007301569 0.0001038083646562882
0.00215000007301569 0.0001038083646562882
# curve520
0.00215999991632998 0.0001006059756036848
0.00215999991632998 0.0001006059756036848
# curve521
0.001589999999850988 0.0001159121238742955
0.001589999999850988 0.0001159121238742955
# curve522
0.001594618079252541 0.000119999996968545
0.001594618079252541 0.000119999996968545
# curve523
0.002110000001266599 0.0001172436241176911
0.002110000001266599 0.0001172436241176911
# curve524
0.002102181082591414 0.000119999996968545
0.002102181082591414 0.000119999996968545
# curve525
0.002120000077411532 0.0001137889703386463
0.002120000077411532 0.0001137889703386463
# curve526
0.002129999920725822 0.0001103984177461825
0.002129999920725822 0.0001103984177461825
# curve527
0.0015999999595806 0.0001247883046744391
0.0015999999595806 0.0001247883046744391
# curve528
0.001605820725671947 0.0001300000003539026
0.001605820725671947 0.0001300000003539026
# curve529
0.002080000005662441 0.0001280119613511488
0.002080000005662441 0.0001280119613511488
# curve530
0.002074651652947068 0.0001300000003539026
0.002074651652947068 0.0001300000003539026
# curve531
0.002090000081807375 0.0001243600272573531
0.002090000081807375 0.0001243600272573531
# curve532
0.002099999925121665 0.0001207713576150127
0.002099999925121665 0.0001207713576150127
# curve533
0.001610000035725534 0.0001337628491455689
0.001610000035725534 0.0001337628491455689
# curve534
0.001616879599168897 0.0001400000037392601
0.001616879599168897 0.0001400000037392601
# curve535
0.002050000010058284 0.000139365452923812
0.002050000010058284 0.000139365452923812
# curve536
0.002048376249149442 0.0001400000037392601
0.002048376249149442 0.0001400000037392601
# curve537
0.002060000086203218 0.0001355171698378399
0.002060000086203218 0.0001355171698378399
# curve538
0.002069999929517508 0.0001317345449933782
0.002069999929517508 0.0001317345449933782
# curve539
0.001619999995455146 0.0001428453688276932
0.001619999995455146 0.0001428453688276932
# curve540
0.001627794001251459 0.0001500000071246177
0.001627794001251459 0.0001500000071246177
# curve541
0.00203000009059906 0.0001472592412028462
0.00203000009059906 0.0001472592412028462
# curve542
0.002023207489401102 0.0001500000071246177
0.002023207489401102 0.0001500000071246177
# curve543
0.00203999993391335 0.0001432831049896777
0.00203999993391335 0.0001432831049896777
# curve544
0.001629999955184758 0.000152036314830184
0.001629999955184758 0.000152036314830184
# curve545
0.001638571382500231 0.00015999999595806
0.001638571382500231 0.00015999999595806
# curve546
0.002000000094994903 0.0001595638022990897
0.002000000094994903 0.0001595638022990897
# curve547
0.001998964697122574 0.00015999999595806
0.001998964697122574 0.00015999999595806
# curve548
0.002009999938309193 0.0001554003538331017
0.002009999938309193 0.0001554003538331017
# curve549
0.002020000014454126 0.0001512986636953428
0.002020000014454126 0.0001512986636953428
# curve550
0.001640000031329691 0.0001613351196283475
0.001640000031329691 0.0001613351196283475
# curve551
0.001649204757995903 0.0001699999993434176
0.001649204757995903 0.0001699999993434176
# curve552
0.001979999942705035 0.0001680639397818595
0.001979999942705035 0.0001680639397818595
# curve553
0.001975520513951778 0.0001699999993434176
0.001975520513951778 0.0001699999993434176
# curve554
0.001990000018849969 0.0001637876412132755
0.001990000018849969 0.0001637876412132755
# curve555
0.001649999991059303 0.0001707535411696881
0.001649999991059303 0.0001707535411696881
# curve556
0.001659685163758695 0.0001800000027287751
0.001659685163758695 0.0001800000027287751
# curve557
0.001960000023245811 0.0001767655921867117
0.001960000023245811 0.0001767655921867117
# curve558
0.001952680759131908 0.0001800000027287751
0.001952680759131908 0.0001800000027287751
# curve559
0.001970000099390745 0.000172392392414622
0.001970000099390745 0.000172392392414622
# curve560
0.001659999950788915 0.0001803025079425424
0.001659999950788915 0.0001803025079425424
# curve561
0.001670000026933849 0.0001899774506455287
0.001670000026933849 0.0001899774506455287
# curve562
0.001670023193582892 0.0001900000061141327
0.001670023193582892 0.0001900000061141327
# curve563
0.001939999987371266 0.0001856472954386845
0.001939999987371266 0.0001856472954386845
# curve564
0.001930309110321105 0.0001900000061141327
0.001930309110321105 0.0001900000061141327
# curve565
0.001949999947100878 0.0001811870315577835
0.001949999947100878 0.0001811870315577835
# curve566
0.001679999986663461 0.0001997679646592587
0.001679999986663461 0.0001997679646592587
# curve567
0.001680235611274838 0.000199999994947575
0.001680235611274838 0.000199999994947575
# curve568
0.001909999991767108 0.0001991898607229814
0.001909999991767108 0.0001991898607229814
# curve569
0.001908215694129467 0.000199999994947575
0.001908215694129467 0.000199999994947575
# curve570
0.00191999995149672 0.0001946557313203812
0.00191999995149672 0.0001946557313203812
# curve571
0.001930000027641654 0.0001901390351122245
0.001930000027641654 0.0001901390351122245
# curve572
0.001689999946393073 0.0002096710813930258
0.001689999946393073 0.0002096710813930258
# curve573
0.001690330216661096 0.0002099999983329326
0.001690330216661096 0.0002099999983329326
# curve574
0.001889999955892563 0.0002082693827105686
0.001889999955892563 0.0002082693827105686
# curve575
0.001886176294647157 0.0002099999983329326
0.001886176294647157 0.0002099999983329326
# curve576
0.001900000032037497 0.0002037302328972146
0.001900000032037497 0.0002037302328972146
# curve577
0.001700000022538006 0.0002196785499108955
0.001700000022538006 0.0002196785499108955
# curve578
0.001700320630334318 0.0002200000017182902
0.001700320630334318 0.0002200000017182902
# curve579
0.001870000036433339 0.0002172855602111667
0.001870000036433339 0.0002172855602111667
# curve580
0.001863902318291366 0.0002200000017182902
0.001863902318291366 0.0002200000017182902
# curve581
0.001879999996162951 0.0002127920743077993
0.001879999996162951 0.0002127920743077993
# curve582
0.001709999982267618 0.0002296754973940551
0.001709999982267618 0.0002296754973940551
# curve583
0.001710325246676803 0.0002300000051036477
0.001710325246676803 0.0002300000051036477
# curve584
0.001850000000558794 0.0002261016052216291
0.001850000000558794 0.0002261016052216291
# curve585
0.001840919489040971 0.0002300000051036477
0.001840919489040971 0.0002300000051036477
# curve586
0.001859999960288405 0.0002217300643678755
0.001859999960288405 0.0002217300643678755
# curve587
0.00171999994199723 0.0002396365016466007
0.00171999994199723 0.0002396365016466007
# curve588
0.001720364321954548 0.00023999999393709
0.001720364321954548 0.00023999999393709
# curve589
0.001820000004954636 0.0002385765983490273
0.001820000004954636 0.0002385765983490273
# curve590
0.001816310454159975 0.00023999999393709
0.001816310454159975 0.00023999999393709
# curve591
0.001829999964684248 0.0002345517423236743
0.001829999964684248 0.0002345517423236743
# curve592
0.001840000040829182 0.0002303923683939502
0.001840000040829182 0.0002303923683939502
# curve593
0.001730000018142164 0.0002494266373105347
0.001730000018142164 0.0002494266373105347
# curve594
0.001730733318254352 0.0002500000118743628
0.001730733318254352 0.0002500000118743628
# curve595
0.001790000009350479 0.0002492599305696785
0.001790000009350479 0.0002492599305696785
# curve596
0.001787487301044166 0.0002500000118743628
0.001787487301044166 0.0002500000118743628
# curve597
0.001799999969080091 0.000245975301368162
0.001799999969080091 0.000245975301368162
# curve598
0.001810000045225024 0.000242404974414967
0.001810000045225024 0.000242404974414967
# curve599
0.001739999977871776 0.0002559326239861548
0.001739999977871776 0.0002559326239861548
# curve600
0.001750000054016709 0.0002578294952400029
0.001750000054016709 0.0002578294952400029
# curve601
0.001760000013746321 0.0002567213377915323
0.001760000013746321 0.0002567213377915323
# curve602
0.001769999973475933 0.0002546567120589316
0.001769999973475933 0.0002546567120589316
# curve603
0.001780000049620867 0.0002521667047403753
0.001780000049620867 0.0002521667047403753
